{"D:\\Eduv4\\RetoMEX\\reto-servlees-swapi\\dist\\contexts\\customer\\application\\commands\\AddCreditCommand.js": {"path":"D:\\Eduv4\\RetoMEX\\reto-servlees-swapi\\dist\\contexts\\customer\\application\\commands\\AddCreditCommand.js","all":false,"statementMap":{"0":{"start":{"line":1,"column":0},"end":{"line":1,"column":13}},"1":{"start":{"line":2,"column":0},"end":{"line":2,"column":62}},"2":{"start":{"line":3,"column":0},"end":{"line":3,"column":34}},"3":{"start":{"line":4,"column":0},"end":{"line":4,"column":24}},"4":{"start":{"line":5,"column":0},"end":{"line":5,"column":43}},"5":{"start":{"line":6,"column":0},"end":{"line":6,"column":37}},"6":{"start":{"line":7,"column":0},"end":{"line":7,"column":41}},"7":{"start":{"line":8,"column":0},"end":{"line":8,"column":5}},"8":{"start":{"line":9,"column":0},"end":{"line":9,"column":16}},"9":{"start":{"line":10,"column":0},"end":{"line":10,"column":31}},"10":{"start":{"line":11,"column":0},"end":{"line":11,"column":64}},"11":{"start":{"line":12,"column":0},"end":{"line":12,"column":9}},"12":{"start":{"line":13,"column":0},"end":{"line":13,"column":37}},"13":{"start":{"line":14,"column":0},"end":{"line":14,"column":75}},"14":{"start":{"line":15,"column":0},"end":{"line":15,"column":9}},"15":{"start":{"line":16,"column":0},"end":{"line":16,"column":5}},"16":{"start":{"line":17,"column":0},"end":{"line":17,"column":1}},"17":{"start":{"line":18,"column":0},"end":{"line":18,"column":44}}},"s":{"0":1,"1":1,"2":1,"3":1,"4":1,"5":4,"6":4,"7":4,"8":1,"9":0,"10":0,"11":0,"12":0,"13":0,"14":0,"15":0,"16":1,"17":1},"branchMap":{"0":{"type":"branch","line":1,"loc":{"start":{"line":1,"column":0},"end":{"line":18,"column":44}},"locations":[{"start":{"line":1,"column":0},"end":{"line":18,"column":44}}]},"1":{"type":"branch","line":1,"loc":{"start":{"line":1,"column":0},"end":{"line":18,"column":44}},"locations":[{"start":{"line":1,"column":0},"end":{"line":18,"column":44}}]},"2":{"type":"branch","line":5,"loc":{"start":{"line":5,"column":4},"end":{"line":8,"column":5}},"locations":[{"start":{"line":5,"column":4},"end":{"line":8,"column":5}}]}},"b":{"0":[1],"1":[1],"2":[4]},"fnMap":{"0":{"name":"Object.<anonymous>","decl":{"start":{"line":1,"column":0},"end":{"line":18,"column":44}},"loc":{"start":{"line":1,"column":0},"end":{"line":18,"column":44}},"line":1},"1":{"name":"AddCreditCommand","decl":{"start":{"line":5,"column":4},"end":{"line":8,"column":5}},"loc":{"start":{"line":5,"column":4},"end":{"line":8,"column":5}},"line":5},"2":{"name":"validate","decl":{"start":{"line":9,"column":4},"end":{"line":16,"column":5}},"loc":{"start":{"line":9,"column":4},"end":{"line":16,"column":5}},"line":9}},"f":{"0":1,"1":4,"2":0}}
,"D:\\Eduv4\\RetoMEX\\reto-servlees-swapi\\dist\\contexts\\customer\\application\\commands\\CreateCustomerCommand.js": {"path":"D:\\Eduv4\\RetoMEX\\reto-servlees-swapi\\dist\\contexts\\customer\\application\\commands\\CreateCustomerCommand.js","all":false,"statementMap":{"0":{"start":{"line":1,"column":0},"end":{"line":1,"column":13}},"1":{"start":{"line":2,"column":0},"end":{"line":2,"column":62}},"2":{"start":{"line":3,"column":0},"end":{"line":3,"column":39}},"3":{"start":{"line":4,"column":0},"end":{"line":4,"column":29}},"4":{"start":{"line":5,"column":0},"end":{"line":5,"column":31}},"5":{"start":{"line":6,"column":0},"end":{"line":6,"column":41}},"6":{"start":{"line":7,"column":0},"end":{"line":7,"column":5}},"7":{"start":{"line":8,"column":0},"end":{"line":8,"column":16}},"8":{"start":{"line":9,"column":0},"end":{"line":9,"column":38}},"9":{"start":{"line":10,"column":0},"end":{"line":10,"column":74}},"10":{"start":{"line":11,"column":0},"end":{"line":11,"column":9}},"11":{"start":{"line":12,"column":0},"end":{"line":12,"column":5}},"12":{"start":{"line":13,"column":0},"end":{"line":13,"column":1}},"13":{"start":{"line":14,"column":0},"end":{"line":14,"column":54}}},"s":{"0":1,"1":1,"2":1,"3":1,"4":1,"5":6,"6":6,"7":1,"8":0,"9":0,"10":0,"11":0,"12":1,"13":1},"branchMap":{"0":{"type":"branch","line":1,"loc":{"start":{"line":1,"column":0},"end":{"line":14,"column":54}},"locations":[{"start":{"line":1,"column":0},"end":{"line":14,"column":54}}]},"1":{"type":"branch","line":1,"loc":{"start":{"line":1,"column":0},"end":{"line":14,"column":54}},"locations":[{"start":{"line":1,"column":0},"end":{"line":14,"column":54}}]},"2":{"type":"branch","line":5,"loc":{"start":{"line":5,"column":4},"end":{"line":7,"column":5}},"locations":[{"start":{"line":5,"column":4},"end":{"line":7,"column":5}}]}},"b":{"0":[1],"1":[1],"2":[6]},"fnMap":{"0":{"name":"Object.<anonymous>","decl":{"start":{"line":1,"column":0},"end":{"line":14,"column":54}},"loc":{"start":{"line":1,"column":0},"end":{"line":14,"column":54}},"line":1},"1":{"name":"CreateCustomerCommand","decl":{"start":{"line":5,"column":4},"end":{"line":7,"column":5}},"loc":{"start":{"line":5,"column":4},"end":{"line":7,"column":5}},"line":5},"2":{"name":"validate","decl":{"start":{"line":8,"column":4},"end":{"line":12,"column":5}},"loc":{"start":{"line":8,"column":4},"end":{"line":12,"column":5}},"line":8}},"f":{"0":1,"1":6,"2":0}}
,"D:\\Eduv4\\RetoMEX\\reto-servlees-swapi\\dist\\contexts\\customer\\application\\commands\\DeleteCustomerCommand.js": {"path":"D:\\Eduv4\\RetoMEX\\reto-servlees-swapi\\dist\\contexts\\customer\\application\\commands\\DeleteCustomerCommand.js","all":false,"statementMap":{"0":{"start":{"line":1,"column":0},"end":{"line":1,"column":13}},"1":{"start":{"line":2,"column":0},"end":{"line":2,"column":62}},"2":{"start":{"line":3,"column":0},"end":{"line":3,"column":39}},"3":{"start":{"line":4,"column":0},"end":{"line":4,"column":29}},"4":{"start":{"line":5,"column":0},"end":{"line":5,"column":29}},"5":{"start":{"line":6,"column":0},"end":{"line":6,"column":37}},"6":{"start":{"line":7,"column":0},"end":{"line":7,"column":5}},"7":{"start":{"line":8,"column":0},"end":{"line":8,"column":16}},"8":{"start":{"line":9,"column":0},"end":{"line":9,"column":31}},"9":{"start":{"line":10,"column":0},"end":{"line":10,"column":64}},"10":{"start":{"line":11,"column":0},"end":{"line":11,"column":9}},"11":{"start":{"line":12,"column":0},"end":{"line":12,"column":5}},"12":{"start":{"line":13,"column":0},"end":{"line":13,"column":1}},"13":{"start":{"line":14,"column":0},"end":{"line":14,"column":54}}},"s":{"0":1,"1":1,"2":1,"3":1,"4":1,"5":4,"6":4,"7":1,"8":0,"9":0,"10":0,"11":0,"12":1,"13":1},"branchMap":{"0":{"type":"branch","line":1,"loc":{"start":{"line":1,"column":0},"end":{"line":14,"column":54}},"locations":[{"start":{"line":1,"column":0},"end":{"line":14,"column":54}}]},"1":{"type":"branch","line":1,"loc":{"start":{"line":1,"column":0},"end":{"line":14,"column":54}},"locations":[{"start":{"line":1,"column":0},"end":{"line":14,"column":54}}]},"2":{"type":"branch","line":5,"loc":{"start":{"line":5,"column":4},"end":{"line":7,"column":5}},"locations":[{"start":{"line":5,"column":4},"end":{"line":7,"column":5}}]}},"b":{"0":[1],"1":[1],"2":[4]},"fnMap":{"0":{"name":"Object.<anonymous>","decl":{"start":{"line":1,"column":0},"end":{"line":14,"column":54}},"loc":{"start":{"line":1,"column":0},"end":{"line":14,"column":54}},"line":1},"1":{"name":"DeleteCustomerCommand","decl":{"start":{"line":5,"column":4},"end":{"line":7,"column":5}},"loc":{"start":{"line":5,"column":4},"end":{"line":7,"column":5}},"line":5},"2":{"name":"validate","decl":{"start":{"line":8,"column":4},"end":{"line":12,"column":5}},"loc":{"start":{"line":8,"column":4},"end":{"line":12,"column":5}},"line":8}},"f":{"0":1,"1":4,"2":0}}
,"D:\\Eduv4\\RetoMEX\\reto-servlees-swapi\\dist\\contexts\\customer\\application\\commands\\UpdateCustomerCommand.js": {"path":"D:\\Eduv4\\RetoMEX\\reto-servlees-swapi\\dist\\contexts\\customer\\application\\commands\\UpdateCustomerCommand.js","all":false,"statementMap":{"0":{"start":{"line":1,"column":0},"end":{"line":1,"column":13}},"1":{"start":{"line":2,"column":0},"end":{"line":2,"column":62}},"2":{"start":{"line":3,"column":0},"end":{"line":3,"column":39}},"3":{"start":{"line":4,"column":0},"end":{"line":4,"column":29}},"4":{"start":{"line":5,"column":0},"end":{"line":5,"column":31}},"5":{"start":{"line":6,"column":0},"end":{"line":6,"column":41}},"6":{"start":{"line":7,"column":0},"end":{"line":7,"column":5}},"7":{"start":{"line":8,"column":0},"end":{"line":8,"column":16}},"8":{"start":{"line":9,"column":0},"end":{"line":9,"column":36}},"9":{"start":{"line":10,"column":0},"end":{"line":10,"column":64}},"10":{"start":{"line":11,"column":0},"end":{"line":11,"column":9}},"11":{"start":{"line":12,"column":0},"end":{"line":12,"column":38}},"12":{"start":{"line":13,"column":0},"end":{"line":13,"column":74}},"13":{"start":{"line":14,"column":0},"end":{"line":14,"column":9}},"14":{"start":{"line":15,"column":0},"end":{"line":15,"column":5}},"15":{"start":{"line":16,"column":0},"end":{"line":16,"column":1}},"16":{"start":{"line":17,"column":0},"end":{"line":17,"column":54}}},"s":{"0":1,"1":1,"2":1,"3":1,"4":1,"5":6,"6":6,"7":1,"8":0,"9":0,"10":0,"11":0,"12":0,"13":0,"14":0,"15":1,"16":1},"branchMap":{"0":{"type":"branch","line":1,"loc":{"start":{"line":1,"column":0},"end":{"line":17,"column":54}},"locations":[{"start":{"line":1,"column":0},"end":{"line":17,"column":54}}]},"1":{"type":"branch","line":1,"loc":{"start":{"line":1,"column":0},"end":{"line":17,"column":54}},"locations":[{"start":{"line":1,"column":0},"end":{"line":17,"column":54}}]},"2":{"type":"branch","line":5,"loc":{"start":{"line":5,"column":4},"end":{"line":7,"column":5}},"locations":[{"start":{"line":5,"column":4},"end":{"line":7,"column":5}}]}},"b":{"0":[1],"1":[1],"2":[6]},"fnMap":{"0":{"name":"Object.<anonymous>","decl":{"start":{"line":1,"column":0},"end":{"line":17,"column":54}},"loc":{"start":{"line":1,"column":0},"end":{"line":17,"column":54}},"line":1},"1":{"name":"UpdateCustomerCommand","decl":{"start":{"line":5,"column":4},"end":{"line":7,"column":5}},"loc":{"start":{"line":5,"column":4},"end":{"line":7,"column":5}},"line":5},"2":{"name":"validate","decl":{"start":{"line":8,"column":4},"end":{"line":15,"column":5}},"loc":{"start":{"line":8,"column":4},"end":{"line":15,"column":5}},"line":8}},"f":{"0":1,"1":6,"2":0}}
,"D:\\Eduv4\\RetoMEX\\reto-servlees-swapi\\dist\\contexts\\customer\\application\\dtos\\CustomerData.js": {"path":"D:\\Eduv4\\RetoMEX\\reto-servlees-swapi\\dist\\contexts\\customer\\application\\dtos\\CustomerData.js","all":false,"statementMap":{"0":{"start":{"line":1,"column":0},"end":{"line":1,"column":13}},"1":{"start":{"line":2,"column":0},"end":{"line":2,"column":62}},"2":{"start":{"line":3,"column":0},"end":{"line":3,"column":30}},"3":{"start":{"line":4,"column":0},"end":{"line":4,"column":20}},"4":{"start":{"line":5,"column":0},"end":{"line":5,"column":23}},"5":{"start":{"line":6,"column":0},"end":{"line":6,"column":26}},"6":{"start":{"line":7,"column":0},"end":{"line":7,"column":30}},"7":{"start":{"line":8,"column":0},"end":{"line":8,"column":32}},"8":{"start":{"line":9,"column":0},"end":{"line":9,"column":44}},"9":{"start":{"line":10,"column":0},"end":{"line":10,"column":36}},"10":{"start":{"line":11,"column":0},"end":{"line":11,"column":52}},"11":{"start":{"line":12,"column":0},"end":{"line":12,"column":36}},"12":{"start":{"line":13,"column":0},"end":{"line":13,"column":34}},"13":{"start":{"line":14,"column":0},"end":{"line":14,"column":5}},"14":{"start":{"line":15,"column":0},"end":{"line":15,"column":1}},"15":{"start":{"line":16,"column":0},"end":{"line":16,"column":36}}},"s":{"0":1,"1":1,"2":1,"3":1,"4":1,"5":7,"6":7,"7":7,"8":7,"9":7,"10":7,"11":7,"12":7,"13":7,"14":1,"15":1},"branchMap":{"0":{"type":"branch","line":1,"loc":{"start":{"line":1,"column":0},"end":{"line":16,"column":36}},"locations":[{"start":{"line":1,"column":0},"end":{"line":16,"column":36}}]},"1":{"type":"branch","line":1,"loc":{"start":{"line":1,"column":0},"end":{"line":16,"column":36}},"locations":[{"start":{"line":1,"column":0},"end":{"line":16,"column":36}}]},"2":{"type":"branch","line":5,"loc":{"start":{"line":5,"column":4},"end":{"line":14,"column":5}},"locations":[{"start":{"line":5,"column":4},"end":{"line":14,"column":5}}]}},"b":{"0":[1],"1":[1],"2":[7]},"fnMap":{"0":{"name":"Object.<anonymous>","decl":{"start":{"line":1,"column":0},"end":{"line":16,"column":36}},"loc":{"start":{"line":1,"column":0},"end":{"line":16,"column":36}},"line":1},"1":{"name":"CustomerData","decl":{"start":{"line":5,"column":4},"end":{"line":14,"column":5}},"loc":{"start":{"line":5,"column":4},"end":{"line":14,"column":5}},"line":5}},"f":{"0":1,"1":7}}
,"D:\\Eduv4\\RetoMEX\\reto-servlees-swapi\\dist\\contexts\\customer\\application\\queries\\ListCustomersByCreditQuery.js": {"path":"D:\\Eduv4\\RetoMEX\\reto-servlees-swapi\\dist\\contexts\\customer\\application\\queries\\ListCustomersByCreditQuery.js","all":false,"statementMap":{"0":{"start":{"line":1,"column":0},"end":{"line":1,"column":13}},"1":{"start":{"line":2,"column":0},"end":{"line":2,"column":62}},"2":{"start":{"line":3,"column":0},"end":{"line":3,"column":44}},"3":{"start":{"line":4,"column":0},"end":{"line":4,"column":34}},"4":{"start":{"line":5,"column":0},"end":{"line":5,"column":21}},"5":{"start":{"line":6,"column":0},"end":{"line":6,"column":1}},"6":{"start":{"line":7,"column":0},"end":{"line":7,"column":64}}},"s":{"0":1,"1":1,"2":1,"3":1,"4":1,"5":1,"6":1},"branchMap":{"0":{"type":"branch","line":1,"loc":{"start":{"line":1,"column":0},"end":{"line":7,"column":64}},"locations":[{"start":{"line":1,"column":0},"end":{"line":7,"column":64}}]},"1":{"type":"branch","line":1,"loc":{"start":{"line":1,"column":0},"end":{"line":7,"column":64}},"locations":[{"start":{"line":1,"column":0},"end":{"line":7,"column":64}}]},"2":{"type":"branch","line":5,"loc":{"start":{"line":5,"column":4},"end":{"line":5,"column":21}},"locations":[{"start":{"line":5,"column":4},"end":{"line":5,"column":21}}]}},"b":{"0":[1],"1":[1],"2":[4]},"fnMap":{"0":{"name":"Object.<anonymous>","decl":{"start":{"line":1,"column":0},"end":{"line":7,"column":64}},"loc":{"start":{"line":1,"column":0},"end":{"line":7,"column":64}},"line":1},"1":{"name":"ListCustomersByCreditQuery","decl":{"start":{"line":5,"column":4},"end":{"line":5,"column":21}},"loc":{"start":{"line":5,"column":4},"end":{"line":5,"column":21}},"line":5}},"f":{"0":1,"1":4}}
,"D:\\Eduv4\\RetoMEX\\reto-servlees-swapi\\dist\\contexts\\customer\\application\\services\\CustomerRegistryService.js": {"path":"D:\\Eduv4\\RetoMEX\\reto-servlees-swapi\\dist\\contexts\\customer\\application\\services\\CustomerRegistryService.js","all":false,"statementMap":{"0":{"start":{"line":1,"column":0},"end":{"line":1,"column":13}},"1":{"start":{"line":2,"column":0},"end":{"line":2,"column":88}},"2":{"start":{"line":3,"column":0},"end":{"line":3,"column":129}},"3":{"start":{"line":4,"column":0},"end":{"line":4,"column":131}},"4":{"start":{"line":5,"column":0},"end":{"line":5,"column":150}},"5":{"start":{"line":6,"column":0},"end":{"line":6,"column":66}},"6":{"start":{"line":7,"column":0},"end":{"line":7,"column":2}},"7":{"start":{"line":8,"column":0},"end":{"line":8,"column":63}},"8":{"start":{"line":9,"column":0},"end":{"line":9,"column":109}},"9":{"start":{"line":10,"column":0},"end":{"line":10,"column":2}},"10":{"start":{"line":11,"column":0},"end":{"line":11,"column":90}},"11":{"start":{"line":12,"column":0},"end":{"line":12,"column":112}},"12":{"start":{"line":13,"column":0},"end":{"line":13,"column":64}},"13":{"start":{"line":14,"column":0},"end":{"line":14,"column":99}},"14":{"start":{"line":15,"column":0},"end":{"line":15,"column":102}},"15":{"start":{"line":16,"column":0},"end":{"line":16,"column":118}},"16":{"start":{"line":17,"column":0},"end":{"line":17,"column":78}},"17":{"start":{"line":18,"column":0},"end":{"line":18,"column":7}},"18":{"start":{"line":19,"column":0},"end":{"line":19,"column":2}},"19":{"start":{"line":20,"column":0},"end":{"line":20,"column":62}},"20":{"start":{"line":21,"column":0},"end":{"line":21,"column":41}},"21":{"start":{"line":22,"column":0},"end":{"line":22,"column":35}},"22":{"start":{"line":23,"column":0},"end":{"line":23,"column":61}},"23":{"start":{"line":24,"column":0},"end":{"line":24,"column":195}},"24":{"start":{"line":25,"column":0},"end":{"line":25,"column":63}},"25":{"start":{"line":26,"column":0},"end":{"line":26,"column":63}},"26":{"start":{"line":27,"column":0},"end":{"line":27,"column":71}},"27":{"start":{"line":28,"column":0},"end":{"line":28,"column":59}},"28":{"start":{"line":29,"column":0},"end":{"line":29,"column":59}},"29":{"start":{"line":30,"column":0},"end":{"line":30,"column":59}},"30":{"start":{"line":31,"column":0},"end":{"line":31,"column":73}},"31":{"start":{"line":32,"column":0},"end":{"line":32,"column":5}},"32":{"start":{"line":33,"column":0},"end":{"line":33,"column":26}},"33":{"start":{"line":34,"column":0},"end":{"line":34,"column":61}},"34":{"start":{"line":35,"column":0},"end":{"line":35,"column":75}},"35":{"start":{"line":36,"column":0},"end":{"line":36,"column":11}},"36":{"start":{"line":37,"column":0},"end":{"line":37,"column":5}},"37":{"start":{"line":38,"column":0},"end":{"line":38,"column":21}},"38":{"start":{"line":39,"column":0},"end":{"line":39,"column":61}},"39":{"start":{"line":40,"column":0},"end":{"line":40,"column":64}},"40":{"start":{"line":41,"column":0},"end":{"line":41,"column":11}},"41":{"start":{"line":42,"column":0},"end":{"line":42,"column":5}},"42":{"start":{"line":43,"column":0},"end":{"line":43,"column":36}},"43":{"start":{"line":44,"column":0},"end":{"line":44,"column":61}},"44":{"start":{"line":45,"column":0},"end":{"line":45,"column":69}},"45":{"start":{"line":46,"column":0},"end":{"line":46,"column":11}},"46":{"start":{"line":47,"column":0},"end":{"line":47,"column":5}},"47":{"start":{"line":48,"column":0},"end":{"line":48,"column":25}},"48":{"start":{"line":49,"column":0},"end":{"line":49,"column":61}},"49":{"start":{"line":50,"column":0},"end":{"line":50,"column":70}},"50":{"start":{"line":51,"column":0},"end":{"line":51,"column":11}},"51":{"start":{"line":52,"column":0},"end":{"line":52,"column":5}},"52":{"start":{"line":53,"column":0},"end":{"line":53,"column":26}},"53":{"start":{"line":54,"column":0},"end":{"line":54,"column":61}},"54":{"start":{"line":55,"column":0},"end":{"line":55,"column":73}},"55":{"start":{"line":56,"column":0},"end":{"line":56,"column":11}},"56":{"start":{"line":57,"column":0},"end":{"line":57,"column":5}},"57":{"start":{"line":58,"column":0},"end":{"line":58,"column":24}},"58":{"start":{"line":59,"column":0},"end":{"line":59,"column":61}},"59":{"start":{"line":60,"column":0},"end":{"line":60,"column":71}},"60":{"start":{"line":61,"column":0},"end":{"line":61,"column":11}},"61":{"start":{"line":62,"column":0},"end":{"line":62,"column":5}},"62":{"start":{"line":63,"column":0},"end":{"line":63,"column":41}},"63":{"start":{"line":64,"column":0},"end":{"line":64,"column":61}},"64":{"start":{"line":65,"column":0},"end":{"line":65,"column":88}},"65":{"start":{"line":66,"column":0},"end":{"line":66,"column":11}},"66":{"start":{"line":67,"column":0},"end":{"line":67,"column":5}},"67":{"start":{"line":68,"column":0},"end":{"line":68,"column":2}},"68":{"start":{"line":69,"column":0},"end":{"line":69,"column":58}},"69":{"start":{"line":70,"column":0},"end":{"line":70,"column":72}},"70":{"start":{"line":71,"column":0},"end":{"line":71,"column":28}},"71":{"start":{"line":72,"column":0},"end":{"line":72,"column":93}},"72":{"start":{"line":73,"column":0},"end":{"line":73,"column":28}}},"s":{"0":1,"1":1,"2":1,"3":1,"4":1,"5":1,"6":1,"7":1,"8":1,"9":1,"10":1,"11":7,"12":7,"13":7,"14":7,"15":7,"16":7,"17":7,"18":1,"19":1,"20":1,"21":1,"22":1,"23":1,"24":7,"25":7,"26":7,"27":7,"28":7,"29":7,"30":7,"31":7,"32":1,"33":1,"34":1,"35":1,"36":1,"37":1,"38":1,"39":1,"40":1,"41":1,"42":1,"43":1,"44":1,"45":1,"46":1,"47":1,"48":1,"49":1,"50":1,"51":1,"52":1,"53":1,"54":1,"55":1,"56":1,"57":1,"58":1,"59":1,"60":1,"61":1,"62":1,"63":1,"64":1,"65":1,"66":1,"67":1,"68":1,"69":1,"70":1,"71":1,"72":1},"branchMap":{"0":{"type":"branch","line":1,"loc":{"start":{"line":1,"column":0},"end":{"line":73,"column":28}},"locations":[{"start":{"line":1,"column":0},"end":{"line":73,"column":28}}]},"1":{"type":"branch","line":1,"loc":{"start":{"line":1,"column":0},"end":{"line":73,"column":28}},"locations":[{"start":{"line":1,"column":0},"end":{"line":73,"column":28}}]},"2":{"type":"branch","line":2,"loc":{"start":{"line":2,"column":46},"end":{"line":7,"column":1}},"locations":[{"start":{"line":2,"column":46},"end":{"line":7,"column":1}}]},"3":{"type":"branch","line":3,"loc":{"start":{"line":3,"column":49},"end":{"line":3,"column":125}},"locations":[{"start":{"line":3,"column":49},"end":{"line":3,"column":125}}]},"4":{"type":"branch","line":4,"loc":{"start":{"line":4,"column":79},"end":{"line":4,"column":131}},"locations":[{"start":{"line":4,"column":79},"end":{"line":4,"column":131}}]},"5":{"type":"branch","line":5,"loc":{"start":{"line":5,"column":58},"end":{"line":5,"column":150}},"locations":[{"start":{"line":5,"column":58},"end":{"line":5,"column":150}}]},"6":{"type":"branch","line":5,"loc":{"start":{"line":5,"column":81},"end":{"line":5,"column":150}},"locations":[{"start":{"line":5,"column":81},"end":{"line":5,"column":150}}]},"7":{"type":"branch","line":5,"loc":{"start":{"line":5,"column":99},"end":{"line":5,"column":143}},"locations":[{"start":{"line":5,"column":99},"end":{"line":5,"column":143}}]},"8":{"type":"branch","line":6,"loc":{"start":{"line":6,"column":17},"end":{"line":6,"column":21}},"locations":[{"start":{"line":6,"column":17},"end":{"line":6,"column":21}}]},"9":{"type":"branch","line":6,"loc":{"start":{"line":6,"column":22},"end":{"line":6,"column":62}},"locations":[{"start":{"line":6,"column":22},"end":{"line":6,"column":62}}]},"10":{"type":"branch","line":8,"loc":{"start":{"line":8,"column":46},"end":{"line":10,"column":1}},"locations":[{"start":{"line":8,"column":46},"end":{"line":10,"column":1}}]},"11":{"type":"branch","line":9,"loc":{"start":{"line":9,"column":79},"end":{"line":9,"column":109}},"locations":[{"start":{"line":9,"column":79},"end":{"line":9,"column":109}}]},"12":{"type":"branch","line":11,"loc":{"start":{"line":11,"column":44},"end":{"line":19,"column":1}},"locations":[{"start":{"line":11,"column":44},"end":{"line":19,"column":1}}]},"13":{"type":"branch","line":12,"loc":{"start":{"line":12,"column":4},"end":{"line":12,"column":112}},"locations":[{"start":{"line":12,"column":4},"end":{"line":12,"column":112}}]},"14":{"type":"branch","line":12,"loc":{"start":{"line":12,"column":62},"end":{"line":12,"column":109}},"locations":[{"start":{"line":12,"column":62},"end":{"line":12,"column":109}}]},"15":{"type":"branch","line":13,"loc":{"start":{"line":13,"column":36},"end":{"line":18,"column":5}},"locations":[{"start":{"line":13,"column":36},"end":{"line":18,"column":5}}]},"16":{"type":"branch","line":14,"loc":{"start":{"line":14,"column":8},"end":{"line":14,"column":99}},"locations":[{"start":{"line":14,"column":8},"end":{"line":14,"column":99}}]},"17":{"type":"branch","line":14,"loc":{"start":{"line":14,"column":73},"end":{"line":14,"column":97}},"locations":[{"start":{"line":14,"column":73},"end":{"line":14,"column":97}}]},"18":{"type":"branch","line":16,"loc":{"start":{"line":16,"column":8},"end":{"line":16,"column":118}},"locations":[{"start":{"line":16,"column":8},"end":{"line":16,"column":118}}]},"19":{"type":"branch","line":16,"loc":{"start":{"line":16,"column":44},"end":{"line":16,"column":67}},"locations":[{"start":{"line":16,"column":44},"end":{"line":16,"column":67}}]},"20":{"type":"branch","line":16,"loc":{"start":{"line":16,"column":68},"end":{"line":16,"column":115}},"locations":[{"start":{"line":16,"column":68},"end":{"line":16,"column":115}}]},"21":{"type":"branch","line":24,"loc":{"start":{"line":24,"column":4},"end":{"line":32,"column":5}},"locations":[{"start":{"line":24,"column":4},"end":{"line":32,"column":5}}]},"22":{"type":"branch","line":33,"loc":{"start":{"line":33,"column":4},"end":{"line":37,"column":5}},"locations":[{"start":{"line":33,"column":4},"end":{"line":37,"column":5}}]},"23":{"type":"branch","line":34,"loc":{"start":{"line":34,"column":47},"end":{"line":36,"column":9}},"locations":[{"start":{"line":34,"column":47},"end":{"line":36,"column":9}}]},"24":{"type":"branch","line":38,"loc":{"start":{"line":38,"column":4},"end":{"line":42,"column":5}},"locations":[{"start":{"line":38,"column":4},"end":{"line":42,"column":5}}]},"25":{"type":"branch","line":39,"loc":{"start":{"line":39,"column":47},"end":{"line":41,"column":9}},"locations":[{"start":{"line":39,"column":47},"end":{"line":41,"column":9}}]},"26":{"type":"branch","line":43,"loc":{"start":{"line":43,"column":4},"end":{"line":47,"column":5}},"locations":[{"start":{"line":43,"column":4},"end":{"line":47,"column":5}}]},"27":{"type":"branch","line":44,"loc":{"start":{"line":44,"column":47},"end":{"line":46,"column":9}},"locations":[{"start":{"line":44,"column":47},"end":{"line":46,"column":9}}]},"28":{"type":"branch","line":48,"loc":{"start":{"line":48,"column":4},"end":{"line":52,"column":5}},"locations":[{"start":{"line":48,"column":4},"end":{"line":52,"column":5}}]},"29":{"type":"branch","line":49,"loc":{"start":{"line":49,"column":47},"end":{"line":51,"column":9}},"locations":[{"start":{"line":49,"column":47},"end":{"line":51,"column":9}}]},"30":{"type":"branch","line":53,"loc":{"start":{"line":53,"column":4},"end":{"line":57,"column":5}},"locations":[{"start":{"line":53,"column":4},"end":{"line":57,"column":5}}]},"31":{"type":"branch","line":54,"loc":{"start":{"line":54,"column":47},"end":{"line":56,"column":9}},"locations":[{"start":{"line":54,"column":47},"end":{"line":56,"column":9}}]},"32":{"type":"branch","line":58,"loc":{"start":{"line":58,"column":4},"end":{"line":62,"column":5}},"locations":[{"start":{"line":58,"column":4},"end":{"line":62,"column":5}}]},"33":{"type":"branch","line":59,"loc":{"start":{"line":59,"column":47},"end":{"line":61,"column":9}},"locations":[{"start":{"line":59,"column":47},"end":{"line":61,"column":9}}]},"34":{"type":"branch","line":63,"loc":{"start":{"line":63,"column":4},"end":{"line":67,"column":5}},"locations":[{"start":{"line":63,"column":4},"end":{"line":67,"column":5}}]},"35":{"type":"branch","line":64,"loc":{"start":{"line":64,"column":47},"end":{"line":66,"column":9}},"locations":[{"start":{"line":64,"column":47},"end":{"line":66,"column":9}}]}},"b":{"0":[1],"1":[1],"2":[1],"3":[0],"4":[0],"5":[2],"6":[1],"7":[0],"8":[0],"9":[0],"10":[1],"11":[0],"12":[7],"13":[7],"14":[0],"15":[7],"16":[7],"17":[0],"18":[14],"19":[7],"20":[7],"21":[7],"22":[1],"23":[1],"24":[1],"25":[1],"26":[1],"27":[1],"28":[1],"29":[1],"30":[1],"31":[1],"32":[1],"33":[1],"34":[1],"35":[1]},"fnMap":{"0":{"name":"Object.<anonymous>","decl":{"start":{"line":1,"column":0},"end":{"line":73,"column":28}},"loc":{"start":{"line":1,"column":0},"end":{"line":73,"column":28}},"line":1},"1":{"name":"Object.<anonymous>.__decorate","decl":{"start":{"line":2,"column":46},"end":{"line":7,"column":1}},"loc":{"start":{"line":2,"column":46},"end":{"line":7,"column":1}},"line":2},"2":{"name":"Object.<anonymous>.__metadata","decl":{"start":{"line":8,"column":46},"end":{"line":10,"column":1}},"loc":{"start":{"line":8,"column":46},"end":{"line":10,"column":1}},"line":8},"3":{"name":"Object.<anonymous>.__awaiter","decl":{"start":{"line":11,"column":44},"end":{"line":19,"column":1}},"loc":{"start":{"line":11,"column":44},"end":{"line":19,"column":1}},"line":11},"4":{"name":"adopt","decl":{"start":{"line":12,"column":4},"end":{"line":12,"column":112}},"loc":{"start":{"line":12,"column":4},"end":{"line":12,"column":112}},"line":12},"5":{"name":"fulfilled","decl":{"start":{"line":14,"column":8},"end":{"line":14,"column":99}},"loc":{"start":{"line":14,"column":8},"end":{"line":14,"column":99}},"line":14},"6":{"name":"rejected","decl":{"start":{"line":15,"column":8},"end":{"line":15,"column":102}},"loc":{"start":{"line":15,"column":8},"end":{"line":15,"column":102}},"line":15},"7":{"name":"step","decl":{"start":{"line":16,"column":8},"end":{"line":16,"column":118}},"loc":{"start":{"line":16,"column":8},"end":{"line":16,"column":118}},"line":16},"8":{"name":"CustomerRegistryService","decl":{"start":{"line":24,"column":4},"end":{"line":32,"column":5}},"loc":{"start":{"line":24,"column":4},"end":{"line":32,"column":5}},"line":24},"9":{"name":"createCustomer","decl":{"start":{"line":33,"column":4},"end":{"line":37,"column":5}},"loc":{"start":{"line":33,"column":4},"end":{"line":37,"column":5}},"line":33},"10":{"name":"listCustomers","decl":{"start":{"line":38,"column":4},"end":{"line":42,"column":5}},"loc":{"start":{"line":38,"column":4},"end":{"line":42,"column":5}},"line":38},"11":{"name":"listCustomersOrderedByCredit","decl":{"start":{"line":43,"column":4},"end":{"line":47,"column":5}},"loc":{"start":{"line":43,"column":4},"end":{"line":47,"column":5}},"line":43},"12":{"name":"getCustomerById","decl":{"start":{"line":48,"column":4},"end":{"line":52,"column":5}},"loc":{"start":{"line":48,"column":4},"end":{"line":52,"column":5}},"line":48},"13":{"name":"updateCustomer","decl":{"start":{"line":53,"column":4},"end":{"line":57,"column":5}},"loc":{"start":{"line":53,"column":4},"end":{"line":57,"column":5}},"line":53},"14":{"name":"deleteCustomer","decl":{"start":{"line":58,"column":4},"end":{"line":62,"column":5}},"loc":{"start":{"line":58,"column":4},"end":{"line":62,"column":5}},"line":58},"15":{"name":"addCredit","decl":{"start":{"line":63,"column":4},"end":{"line":67,"column":5}},"loc":{"start":{"line":63,"column":4},"end":{"line":67,"column":5}},"line":63}},"f":{"0":1,"1":1,"2":1,"3":7,"4":7,"5":7,"6":0,"7":14,"8":7,"9":1,"10":1,"11":1,"12":1,"13":1,"14":1,"15":1}}
,"D:\\Eduv4\\RetoMEX\\reto-servlees-swapi\\dist\\contexts\\customer\\application\\usecases\\CustomerCreationUseCase.js": {"path":"D:\\Eduv4\\RetoMEX\\reto-servlees-swapi\\dist\\contexts\\customer\\application\\usecases\\CustomerCreationUseCase.js","all":false,"statementMap":{"0":{"start":{"line":1,"column":0},"end":{"line":1,"column":13}},"1":{"start":{"line":2,"column":0},"end":{"line":2,"column":88}},"2":{"start":{"line":3,"column":0},"end":{"line":3,"column":129}},"3":{"start":{"line":4,"column":0},"end":{"line":4,"column":131}},"4":{"start":{"line":5,"column":0},"end":{"line":5,"column":150}},"5":{"start":{"line":6,"column":0},"end":{"line":6,"column":66}},"6":{"start":{"line":7,"column":0},"end":{"line":7,"column":2}},"7":{"start":{"line":8,"column":0},"end":{"line":8,"column":63}},"8":{"start":{"line":9,"column":0},"end":{"line":9,"column":109}},"9":{"start":{"line":10,"column":0},"end":{"line":10,"column":2}},"10":{"start":{"line":11,"column":0},"end":{"line":11,"column":90}},"11":{"start":{"line":12,"column":0},"end":{"line":12,"column":112}},"12":{"start":{"line":13,"column":0},"end":{"line":13,"column":64}},"13":{"start":{"line":14,"column":0},"end":{"line":14,"column":99}},"14":{"start":{"line":15,"column":0},"end":{"line":15,"column":102}},"15":{"start":{"line":16,"column":0},"end":{"line":16,"column":118}},"16":{"start":{"line":17,"column":0},"end":{"line":17,"column":78}},"17":{"start":{"line":18,"column":0},"end":{"line":18,"column":7}},"18":{"start":{"line":19,"column":0},"end":{"line":19,"column":2}},"19":{"start":{"line":20,"column":0},"end":{"line":20,"column":62}},"20":{"start":{"line":21,"column":0},"end":{"line":21,"column":41}},"21":{"start":{"line":22,"column":0},"end":{"line":22,"column":35}},"22":{"start":{"line":23,"column":0},"end":{"line":23,"column":77}},"23":{"start":{"line":24,"column":0},"end":{"line":24,"column":59}},"24":{"start":{"line":25,"column":0},"end":{"line":25,"column":61}},"25":{"start":{"line":26,"column":0},"end":{"line":26,"column":33}},"26":{"start":{"line":27,"column":0},"end":{"line":27,"column":45}},"27":{"start":{"line":28,"column":0},"end":{"line":28,"column":5}},"28":{"start":{"line":29,"column":0},"end":{"line":29,"column":26}},"29":{"start":{"line":30,"column":0},"end":{"line":30,"column":61}},"30":{"start":{"line":31,"column":0},"end":{"line":31,"column":84}},"31":{"start":{"line":32,"column":0},"end":{"line":32,"column":76}},"32":{"start":{"line":33,"column":0},"end":{"line":33,"column":73}},"33":{"start":{"line":34,"column":0},"end":{"line":34,"column":61}},"34":{"start":{"line":35,"column":0},"end":{"line":35,"column":13}},"35":{"start":{"line":36,"column":0},"end":{"line":36,"column":48}},"36":{"start":{"line":37,"column":0},"end":{"line":37,"column":11}},"37":{"start":{"line":38,"column":0},"end":{"line":38,"column":5}},"38":{"start":{"line":39,"column":0},"end":{"line":39,"column":2}},"39":{"start":{"line":40,"column":0},"end":{"line":40,"column":58}},"40":{"start":{"line":41,"column":0},"end":{"line":41,"column":72}},"41":{"start":{"line":42,"column":0},"end":{"line":42,"column":57}},"42":{"start":{"line":43,"column":0},"end":{"line":43,"column":45}},"43":{"start":{"line":44,"column":0},"end":{"line":44,"column":28}}},"s":{"0":1,"1":1,"2":1,"3":1,"4":1,"5":1,"6":1,"7":1,"8":1,"9":1,"10":1,"11":3,"12":3,"13":3,"14":3,"15":3,"16":3,"17":3,"18":1,"19":1,"20":1,"21":1,"22":1,"23":1,"24":1,"25":1,"26":3,"27":3,"28":1,"29":3,"30":3,"31":3,"32":3,"33":2,"34":2,"35":1,"36":3,"37":3,"38":1,"39":1,"40":1,"41":1,"42":1,"43":1},"branchMap":{"0":{"type":"branch","line":1,"loc":{"start":{"line":1,"column":0},"end":{"line":44,"column":28}},"locations":[{"start":{"line":1,"column":0},"end":{"line":44,"column":28}}]},"1":{"type":"branch","line":1,"loc":{"start":{"line":1,"column":0},"end":{"line":44,"column":28}},"locations":[{"start":{"line":1,"column":0},"end":{"line":44,"column":28}}]},"2":{"type":"branch","line":2,"loc":{"start":{"line":2,"column":46},"end":{"line":7,"column":1}},"locations":[{"start":{"line":2,"column":46},"end":{"line":7,"column":1}}]},"3":{"type":"branch","line":3,"loc":{"start":{"line":3,"column":49},"end":{"line":3,"column":125}},"locations":[{"start":{"line":3,"column":49},"end":{"line":3,"column":125}}]},"4":{"type":"branch","line":4,"loc":{"start":{"line":4,"column":79},"end":{"line":4,"column":131}},"locations":[{"start":{"line":4,"column":79},"end":{"line":4,"column":131}}]},"5":{"type":"branch","line":5,"loc":{"start":{"line":5,"column":58},"end":{"line":5,"column":150}},"locations":[{"start":{"line":5,"column":58},"end":{"line":5,"column":150}}]},"6":{"type":"branch","line":5,"loc":{"start":{"line":5,"column":81},"end":{"line":5,"column":150}},"locations":[{"start":{"line":5,"column":81},"end":{"line":5,"column":150}}]},"7":{"type":"branch","line":5,"loc":{"start":{"line":5,"column":99},"end":{"line":5,"column":143}},"locations":[{"start":{"line":5,"column":99},"end":{"line":5,"column":143}}]},"8":{"type":"branch","line":6,"loc":{"start":{"line":6,"column":17},"end":{"line":6,"column":21}},"locations":[{"start":{"line":6,"column":17},"end":{"line":6,"column":21}}]},"9":{"type":"branch","line":6,"loc":{"start":{"line":6,"column":22},"end":{"line":6,"column":62}},"locations":[{"start":{"line":6,"column":22},"end":{"line":6,"column":62}}]},"10":{"type":"branch","line":8,"loc":{"start":{"line":8,"column":46},"end":{"line":10,"column":1}},"locations":[{"start":{"line":8,"column":46},"end":{"line":10,"column":1}}]},"11":{"type":"branch","line":9,"loc":{"start":{"line":9,"column":79},"end":{"line":9,"column":109}},"locations":[{"start":{"line":9,"column":79},"end":{"line":9,"column":109}}]},"12":{"type":"branch","line":11,"loc":{"start":{"line":11,"column":44},"end":{"line":19,"column":1}},"locations":[{"start":{"line":11,"column":44},"end":{"line":19,"column":1}}]},"13":{"type":"branch","line":12,"loc":{"start":{"line":12,"column":4},"end":{"line":12,"column":112}},"locations":[{"start":{"line":12,"column":4},"end":{"line":12,"column":112}}]},"14":{"type":"branch","line":12,"loc":{"start":{"line":12,"column":62},"end":{"line":12,"column":109}},"locations":[{"start":{"line":12,"column":62},"end":{"line":12,"column":109}}]},"15":{"type":"branch","line":13,"loc":{"start":{"line":13,"column":36},"end":{"line":18,"column":5}},"locations":[{"start":{"line":13,"column":36},"end":{"line":18,"column":5}}]},"16":{"type":"branch","line":14,"loc":{"start":{"line":14,"column":8},"end":{"line":14,"column":99}},"locations":[{"start":{"line":14,"column":8},"end":{"line":14,"column":99}}]},"17":{"type":"branch","line":14,"loc":{"start":{"line":14,"column":73},"end":{"line":14,"column":97}},"locations":[{"start":{"line":14,"column":73},"end":{"line":14,"column":97}}]},"18":{"type":"branch","line":16,"loc":{"start":{"line":16,"column":8},"end":{"line":16,"column":118}},"locations":[{"start":{"line":16,"column":8},"end":{"line":16,"column":118}}]},"19":{"type":"branch","line":16,"loc":{"start":{"line":16,"column":44},"end":{"line":16,"column":67}},"locations":[{"start":{"line":16,"column":44},"end":{"line":16,"column":67}}]},"20":{"type":"branch","line":16,"loc":{"start":{"line":16,"column":68},"end":{"line":16,"column":115}},"locations":[{"start":{"line":16,"column":68},"end":{"line":16,"column":115}}]},"21":{"type":"branch","line":26,"loc":{"start":{"line":26,"column":4},"end":{"line":28,"column":5}},"locations":[{"start":{"line":26,"column":4},"end":{"line":28,"column":5}}]},"22":{"type":"branch","line":29,"loc":{"start":{"line":29,"column":4},"end":{"line":38,"column":5}},"locations":[{"start":{"line":29,"column":4},"end":{"line":38,"column":5}}]},"23":{"type":"branch","line":30,"loc":{"start":{"line":30,"column":47},"end":{"line":37,"column":9}},"locations":[{"start":{"line":30,"column":47},"end":{"line":37,"column":9}}]},"24":{"type":"branch","line":33,"loc":{"start":{"line":33,"column":38},"end":{"line":33,"column":70}},"locations":[{"start":{"line":33,"column":38},"end":{"line":33,"column":70}}]},"25":{"type":"branch","line":33,"loc":{"start":{"line":33,"column":72},"end":{"line":35,"column":13}},"locations":[{"start":{"line":33,"column":72},"end":{"line":35,"column":13}}]},"26":{"type":"branch","line":36,"loc":{"start":{"line":36,"column":-1},"end":{"line":37,"column":8}},"locations":[{"start":{"line":36,"column":-1},"end":{"line":37,"column":8}}]}},"b":{"0":[1],"1":[1],"2":[1],"3":[0],"4":[0],"5":[2],"6":[1],"7":[0],"8":[0],"9":[0],"10":[1],"11":[0],"12":[3],"13":[3],"14":[0],"15":[3],"16":[3],"17":[2],"18":[4],"19":[1],"20":[3],"21":[3],"22":[3],"23":[3],"24":[2],"25":[2],"26":[1]},"fnMap":{"0":{"name":"Object.<anonymous>","decl":{"start":{"line":1,"column":0},"end":{"line":44,"column":28}},"loc":{"start":{"line":1,"column":0},"end":{"line":44,"column":28}},"line":1},"1":{"name":"Object.<anonymous>.__decorate","decl":{"start":{"line":2,"column":46},"end":{"line":7,"column":1}},"loc":{"start":{"line":2,"column":46},"end":{"line":7,"column":1}},"line":2},"2":{"name":"Object.<anonymous>.__metadata","decl":{"start":{"line":8,"column":46},"end":{"line":10,"column":1}},"loc":{"start":{"line":8,"column":46},"end":{"line":10,"column":1}},"line":8},"3":{"name":"Object.<anonymous>.__awaiter","decl":{"start":{"line":11,"column":44},"end":{"line":19,"column":1}},"loc":{"start":{"line":11,"column":44},"end":{"line":19,"column":1}},"line":11},"4":{"name":"adopt","decl":{"start":{"line":12,"column":4},"end":{"line":12,"column":112}},"loc":{"start":{"line":12,"column":4},"end":{"line":12,"column":112}},"line":12},"5":{"name":"fulfilled","decl":{"start":{"line":14,"column":8},"end":{"line":14,"column":99}},"loc":{"start":{"line":14,"column":8},"end":{"line":14,"column":99}},"line":14},"6":{"name":"rejected","decl":{"start":{"line":15,"column":8},"end":{"line":15,"column":102}},"loc":{"start":{"line":15,"column":8},"end":{"line":15,"column":102}},"line":15},"7":{"name":"step","decl":{"start":{"line":16,"column":8},"end":{"line":16,"column":118}},"loc":{"start":{"line":16,"column":8},"end":{"line":16,"column":118}},"line":16},"8":{"name":"CustomerCreationUseCase","decl":{"start":{"line":26,"column":4},"end":{"line":28,"column":5}},"loc":{"start":{"line":26,"column":4},"end":{"line":28,"column":5}},"line":26},"9":{"name":"createCustomer","decl":{"start":{"line":29,"column":4},"end":{"line":38,"column":5}},"loc":{"start":{"line":29,"column":4},"end":{"line":38,"column":5}},"line":29}},"f":{"0":1,"1":1,"2":1,"3":3,"4":3,"5":3,"6":0,"7":4,"8":3,"9":3}}
,"D:\\Eduv4\\RetoMEX\\reto-servlees-swapi\\dist\\contexts\\customer\\application\\usecases\\CustomerCreditUseCase.js": {"path":"D:\\Eduv4\\RetoMEX\\reto-servlees-swapi\\dist\\contexts\\customer\\application\\usecases\\CustomerCreditUseCase.js","all":false,"statementMap":{"0":{"start":{"line":1,"column":0},"end":{"line":1,"column":13}},"1":{"start":{"line":2,"column":0},"end":{"line":2,"column":88}},"2":{"start":{"line":3,"column":0},"end":{"line":3,"column":129}},"3":{"start":{"line":4,"column":0},"end":{"line":4,"column":131}},"4":{"start":{"line":5,"column":0},"end":{"line":5,"column":150}},"5":{"start":{"line":6,"column":0},"end":{"line":6,"column":66}},"6":{"start":{"line":7,"column":0},"end":{"line":7,"column":2}},"7":{"start":{"line":8,"column":0},"end":{"line":8,"column":63}},"8":{"start":{"line":9,"column":0},"end":{"line":9,"column":109}},"9":{"start":{"line":10,"column":0},"end":{"line":10,"column":2}},"10":{"start":{"line":11,"column":0},"end":{"line":11,"column":90}},"11":{"start":{"line":12,"column":0},"end":{"line":12,"column":112}},"12":{"start":{"line":13,"column":0},"end":{"line":13,"column":64}},"13":{"start":{"line":14,"column":0},"end":{"line":14,"column":99}},"14":{"start":{"line":15,"column":0},"end":{"line":15,"column":102}},"15":{"start":{"line":16,"column":0},"end":{"line":16,"column":118}},"16":{"start":{"line":17,"column":0},"end":{"line":17,"column":78}},"17":{"start":{"line":18,"column":0},"end":{"line":18,"column":7}},"18":{"start":{"line":19,"column":0},"end":{"line":19,"column":2}},"19":{"start":{"line":20,"column":0},"end":{"line":20,"column":62}},"20":{"start":{"line":21,"column":0},"end":{"line":21,"column":77}},"21":{"start":{"line":22,"column":0},"end":{"line":22,"column":35}},"22":{"start":{"line":23,"column":0},"end":{"line":23,"column":67}},"23":{"start":{"line":24,"column":0},"end":{"line":24,"column":59}},"24":{"start":{"line":25,"column":0},"end":{"line":25,"column":57}},"25":{"start":{"line":26,"column":0},"end":{"line":26,"column":33}},"26":{"start":{"line":27,"column":0},"end":{"line":27,"column":45}},"27":{"start":{"line":28,"column":0},"end":{"line":28,"column":5}},"28":{"start":{"line":29,"column":0},"end":{"line":29,"column":41}},"29":{"start":{"line":30,"column":0},"end":{"line":30,"column":61}},"30":{"start":{"line":31,"column":0},"end":{"line":31,"column":36}},"31":{"start":{"line":32,"column":0},"end":{"line":32,"column":74}},"32":{"start":{"line":33,"column":0},"end":{"line":33,"column":13}},"33":{"start":{"line":34,"column":0},"end":{"line":34,"column":94}},"34":{"start":{"line":35,"column":0},"end":{"line":35,"column":76}},"35":{"start":{"line":36,"column":0},"end":{"line":36,"column":72}},"36":{"start":{"line":37,"column":0},"end":{"line":37,"column":101}},"37":{"start":{"line":38,"column":0},"end":{"line":38,"column":13}},"38":{"start":{"line":39,"column":0},"end":{"line":39,"column":39}},"39":{"start":{"line":40,"column":0},"end":{"line":40,"column":11}},"40":{"start":{"line":41,"column":0},"end":{"line":41,"column":5}},"41":{"start":{"line":42,"column":0},"end":{"line":42,"column":2}},"42":{"start":{"line":43,"column":0},"end":{"line":43,"column":54}},"43":{"start":{"line":44,"column":0},"end":{"line":44,"column":68}},"44":{"start":{"line":45,"column":0},"end":{"line":45,"column":63}},"45":{"start":{"line":46,"column":0},"end":{"line":46,"column":45}},"46":{"start":{"line":47,"column":0},"end":{"line":47,"column":26}}},"s":{"0":1,"1":1,"2":1,"3":1,"4":1,"5":1,"6":1,"7":1,"8":1,"9":1,"10":1,"11":3,"12":3,"13":3,"14":3,"15":3,"16":3,"17":3,"18":1,"19":1,"20":1,"21":1,"22":1,"23":1,"24":1,"25":1,"26":3,"27":3,"28":1,"29":3,"30":3,"31":1,"32":1,"33":2,"34":2,"35":3,"36":1,"37":1,"38":1,"39":3,"40":3,"41":1,"42":1,"43":1,"44":1,"45":1,"46":1},"branchMap":{"0":{"type":"branch","line":1,"loc":{"start":{"line":1,"column":0},"end":{"line":47,"column":26}},"locations":[{"start":{"line":1,"column":0},"end":{"line":47,"column":26}}]},"1":{"type":"branch","line":1,"loc":{"start":{"line":1,"column":0},"end":{"line":47,"column":26}},"locations":[{"start":{"line":1,"column":0},"end":{"line":47,"column":26}}]},"2":{"type":"branch","line":2,"loc":{"start":{"line":2,"column":46},"end":{"line":7,"column":1}},"locations":[{"start":{"line":2,"column":46},"end":{"line":7,"column":1}}]},"3":{"type":"branch","line":3,"loc":{"start":{"line":3,"column":49},"end":{"line":3,"column":125}},"locations":[{"start":{"line":3,"column":49},"end":{"line":3,"column":125}}]},"4":{"type":"branch","line":4,"loc":{"start":{"line":4,"column":79},"end":{"line":4,"column":131}},"locations":[{"start":{"line":4,"column":79},"end":{"line":4,"column":131}}]},"5":{"type":"branch","line":5,"loc":{"start":{"line":5,"column":58},"end":{"line":5,"column":150}},"locations":[{"start":{"line":5,"column":58},"end":{"line":5,"column":150}}]},"6":{"type":"branch","line":5,"loc":{"start":{"line":5,"column":81},"end":{"line":5,"column":150}},"locations":[{"start":{"line":5,"column":81},"end":{"line":5,"column":150}}]},"7":{"type":"branch","line":5,"loc":{"start":{"line":5,"column":99},"end":{"line":5,"column":143}},"locations":[{"start":{"line":5,"column":99},"end":{"line":5,"column":143}}]},"8":{"type":"branch","line":6,"loc":{"start":{"line":6,"column":17},"end":{"line":6,"column":21}},"locations":[{"start":{"line":6,"column":17},"end":{"line":6,"column":21}}]},"9":{"type":"branch","line":6,"loc":{"start":{"line":6,"column":22},"end":{"line":6,"column":62}},"locations":[{"start":{"line":6,"column":22},"end":{"line":6,"column":62}}]},"10":{"type":"branch","line":8,"loc":{"start":{"line":8,"column":46},"end":{"line":10,"column":1}},"locations":[{"start":{"line":8,"column":46},"end":{"line":10,"column":1}}]},"11":{"type":"branch","line":9,"loc":{"start":{"line":9,"column":79},"end":{"line":9,"column":109}},"locations":[{"start":{"line":9,"column":79},"end":{"line":9,"column":109}}]},"12":{"type":"branch","line":11,"loc":{"start":{"line":11,"column":44},"end":{"line":19,"column":1}},"locations":[{"start":{"line":11,"column":44},"end":{"line":19,"column":1}}]},"13":{"type":"branch","line":12,"loc":{"start":{"line":12,"column":4},"end":{"line":12,"column":112}},"locations":[{"start":{"line":12,"column":4},"end":{"line":12,"column":112}}]},"14":{"type":"branch","line":12,"loc":{"start":{"line":12,"column":62},"end":{"line":12,"column":109}},"locations":[{"start":{"line":12,"column":62},"end":{"line":12,"column":109}}]},"15":{"type":"branch","line":13,"loc":{"start":{"line":13,"column":36},"end":{"line":18,"column":5}},"locations":[{"start":{"line":13,"column":36},"end":{"line":18,"column":5}}]},"16":{"type":"branch","line":14,"loc":{"start":{"line":14,"column":8},"end":{"line":14,"column":99}},"locations":[{"start":{"line":14,"column":8},"end":{"line":14,"column":99}}]},"17":{"type":"branch","line":14,"loc":{"start":{"line":14,"column":73},"end":{"line":14,"column":97}},"locations":[{"start":{"line":14,"column":73},"end":{"line":14,"column":97}}]},"18":{"type":"branch","line":16,"loc":{"start":{"line":16,"column":8},"end":{"line":16,"column":118}},"locations":[{"start":{"line":16,"column":8},"end":{"line":16,"column":118}}]},"19":{"type":"branch","line":16,"loc":{"start":{"line":16,"column":44},"end":{"line":16,"column":67}},"locations":[{"start":{"line":16,"column":44},"end":{"line":16,"column":67}}]},"20":{"type":"branch","line":16,"loc":{"start":{"line":16,"column":68},"end":{"line":16,"column":115}},"locations":[{"start":{"line":16,"column":68},"end":{"line":16,"column":115}}]},"21":{"type":"branch","line":26,"loc":{"start":{"line":26,"column":4},"end":{"line":28,"column":5}},"locations":[{"start":{"line":26,"column":4},"end":{"line":28,"column":5}}]},"22":{"type":"branch","line":29,"loc":{"start":{"line":29,"column":4},"end":{"line":41,"column":5}},"locations":[{"start":{"line":29,"column":4},"end":{"line":41,"column":5}}]},"23":{"type":"branch","line":30,"loc":{"start":{"line":30,"column":47},"end":{"line":40,"column":9}},"locations":[{"start":{"line":30,"column":47},"end":{"line":40,"column":9}}]},"24":{"type":"branch","line":31,"loc":{"start":{"line":31,"column":35},"end":{"line":33,"column":13}},"locations":[{"start":{"line":31,"column":35},"end":{"line":33,"column":13}}]},"25":{"type":"branch","line":34,"loc":{"start":{"line":34,"column":-1},"end":{"line":36,"column":38}},"locations":[{"start":{"line":34,"column":-1},"end":{"line":36,"column":38}}]},"26":{"type":"branch","line":36,"loc":{"start":{"line":36,"column":38},"end":{"line":36,"column":69}},"locations":[{"start":{"line":36,"column":38},"end":{"line":36,"column":69}}]},"27":{"type":"branch","line":36,"loc":{"start":{"line":36,"column":71},"end":{"line":40,"column":8}},"locations":[{"start":{"line":36,"column":71},"end":{"line":40,"column":8}}]},"28":{"type":"branch","line":37,"loc":{"start":{"line":37,"column":60},"end":{"line":37,"column":99}},"locations":[{"start":{"line":37,"column":60},"end":{"line":37,"column":99}}]}},"b":{"0":[1],"1":[1],"2":[1],"3":[0],"4":[0],"5":[2],"6":[1],"7":[0],"8":[0],"9":[0],"10":[1],"11":[0],"12":[3],"13":[2],"14":[0],"15":[3],"16":[2],"17":[1],"18":[3],"19":[1],"20":[2],"21":[3],"22":[3],"23":[3],"24":[1],"25":[2],"26":[1],"27":[1],"28":[0]},"fnMap":{"0":{"name":"Object.<anonymous>","decl":{"start":{"line":1,"column":0},"end":{"line":47,"column":26}},"loc":{"start":{"line":1,"column":0},"end":{"line":47,"column":26}},"line":1},"1":{"name":"Object.<anonymous>.__decorate","decl":{"start":{"line":2,"column":46},"end":{"line":7,"column":1}},"loc":{"start":{"line":2,"column":46},"end":{"line":7,"column":1}},"line":2},"2":{"name":"Object.<anonymous>.__metadata","decl":{"start":{"line":8,"column":46},"end":{"line":10,"column":1}},"loc":{"start":{"line":8,"column":46},"end":{"line":10,"column":1}},"line":8},"3":{"name":"Object.<anonymous>.__awaiter","decl":{"start":{"line":11,"column":44},"end":{"line":19,"column":1}},"loc":{"start":{"line":11,"column":44},"end":{"line":19,"column":1}},"line":11},"4":{"name":"adopt","decl":{"start":{"line":12,"column":4},"end":{"line":12,"column":112}},"loc":{"start":{"line":12,"column":4},"end":{"line":12,"column":112}},"line":12},"5":{"name":"fulfilled","decl":{"start":{"line":14,"column":8},"end":{"line":14,"column":99}},"loc":{"start":{"line":14,"column":8},"end":{"line":14,"column":99}},"line":14},"6":{"name":"rejected","decl":{"start":{"line":15,"column":8},"end":{"line":15,"column":102}},"loc":{"start":{"line":15,"column":8},"end":{"line":15,"column":102}},"line":15},"7":{"name":"step","decl":{"start":{"line":16,"column":8},"end":{"line":16,"column":118}},"loc":{"start":{"line":16,"column":8},"end":{"line":16,"column":118}},"line":16},"8":{"name":"CustomerCreditUseCase","decl":{"start":{"line":26,"column":4},"end":{"line":28,"column":5}},"loc":{"start":{"line":26,"column":4},"end":{"line":28,"column":5}},"line":26},"9":{"name":"addCredit","decl":{"start":{"line":29,"column":4},"end":{"line":41,"column":5}},"loc":{"start":{"line":29,"column":4},"end":{"line":41,"column":5}},"line":29}},"f":{"0":1,"1":1,"2":1,"3":3,"4":2,"5":2,"6":0,"7":3,"8":3,"9":3}}
,"D:\\Eduv4\\RetoMEX\\reto-servlees-swapi\\dist\\contexts\\customer\\application\\usecases\\CustomerDeleteUseCase.js": {"path":"D:\\Eduv4\\RetoMEX\\reto-servlees-swapi\\dist\\contexts\\customer\\application\\usecases\\CustomerDeleteUseCase.js","all":false,"statementMap":{"0":{"start":{"line":1,"column":0},"end":{"line":1,"column":13}},"1":{"start":{"line":2,"column":0},"end":{"line":2,"column":88}},"2":{"start":{"line":3,"column":0},"end":{"line":3,"column":129}},"3":{"start":{"line":4,"column":0},"end":{"line":4,"column":131}},"4":{"start":{"line":5,"column":0},"end":{"line":5,"column":150}},"5":{"start":{"line":6,"column":0},"end":{"line":6,"column":66}},"6":{"start":{"line":7,"column":0},"end":{"line":7,"column":2}},"7":{"start":{"line":8,"column":0},"end":{"line":8,"column":63}},"8":{"start":{"line":9,"column":0},"end":{"line":9,"column":109}},"9":{"start":{"line":10,"column":0},"end":{"line":10,"column":2}},"10":{"start":{"line":11,"column":0},"end":{"line":11,"column":90}},"11":{"start":{"line":12,"column":0},"end":{"line":12,"column":112}},"12":{"start":{"line":13,"column":0},"end":{"line":13,"column":64}},"13":{"start":{"line":14,"column":0},"end":{"line":14,"column":99}},"14":{"start":{"line":15,"column":0},"end":{"line":15,"column":102}},"15":{"start":{"line":16,"column":0},"end":{"line":16,"column":118}},"16":{"start":{"line":17,"column":0},"end":{"line":17,"column":78}},"17":{"start":{"line":18,"column":0},"end":{"line":18,"column":7}},"18":{"start":{"line":19,"column":0},"end":{"line":19,"column":2}},"19":{"start":{"line":20,"column":0},"end":{"line":20,"column":62}},"20":{"start":{"line":21,"column":0},"end":{"line":21,"column":77}},"21":{"start":{"line":22,"column":0},"end":{"line":22,"column":35}},"22":{"start":{"line":23,"column":0},"end":{"line":23,"column":77}},"23":{"start":{"line":24,"column":0},"end":{"line":24,"column":59}},"24":{"start":{"line":25,"column":0},"end":{"line":25,"column":57}},"25":{"start":{"line":26,"column":0},"end":{"line":26,"column":33}},"26":{"start":{"line":27,"column":0},"end":{"line":27,"column":45}},"27":{"start":{"line":28,"column":0},"end":{"line":28,"column":5}},"28":{"start":{"line":29,"column":0},"end":{"line":29,"column":24}},"29":{"start":{"line":30,"column":0},"end":{"line":30,"column":61}},"30":{"start":{"line":31,"column":0},"end":{"line":31,"column":82}},"31":{"start":{"line":32,"column":0},"end":{"line":32,"column":76}},"32":{"start":{"line":33,"column":0},"end":{"line":33,"column":72}},"33":{"start":{"line":34,"column":0},"end":{"line":34,"column":95}},"34":{"start":{"line":35,"column":0},"end":{"line":35,"column":13}},"35":{"start":{"line":36,"column":0},"end":{"line":36,"column":11}},"36":{"start":{"line":37,"column":0},"end":{"line":37,"column":5}},"37":{"start":{"line":38,"column":0},"end":{"line":38,"column":2}},"38":{"start":{"line":39,"column":0},"end":{"line":39,"column":54}},"39":{"start":{"line":40,"column":0},"end":{"line":40,"column":68}},"40":{"start":{"line":41,"column":0},"end":{"line":41,"column":63}},"41":{"start":{"line":42,"column":0},"end":{"line":42,"column":45}},"42":{"start":{"line":43,"column":0},"end":{"line":43,"column":26}}},"s":{"0":1,"1":1,"2":1,"3":1,"4":1,"5":1,"6":1,"7":1,"8":1,"9":1,"10":1,"11":2,"12":2,"13":2,"14":2,"15":2,"16":2,"17":2,"18":1,"19":1,"20":1,"21":1,"22":1,"23":1,"24":1,"25":1,"26":2,"27":2,"28":1,"29":2,"30":2,"31":2,"32":2,"33":1,"34":1,"35":2,"36":2,"37":1,"38":1,"39":1,"40":1,"41":1,"42":1},"branchMap":{"0":{"type":"branch","line":1,"loc":{"start":{"line":1,"column":0},"end":{"line":43,"column":26}},"locations":[{"start":{"line":1,"column":0},"end":{"line":43,"column":26}}]},"1":{"type":"branch","line":1,"loc":{"start":{"line":1,"column":0},"end":{"line":43,"column":26}},"locations":[{"start":{"line":1,"column":0},"end":{"line":43,"column":26}}]},"2":{"type":"branch","line":2,"loc":{"start":{"line":2,"column":46},"end":{"line":7,"column":1}},"locations":[{"start":{"line":2,"column":46},"end":{"line":7,"column":1}}]},"3":{"type":"branch","line":3,"loc":{"start":{"line":3,"column":49},"end":{"line":3,"column":125}},"locations":[{"start":{"line":3,"column":49},"end":{"line":3,"column":125}}]},"4":{"type":"branch","line":4,"loc":{"start":{"line":4,"column":79},"end":{"line":4,"column":131}},"locations":[{"start":{"line":4,"column":79},"end":{"line":4,"column":131}}]},"5":{"type":"branch","line":5,"loc":{"start":{"line":5,"column":58},"end":{"line":5,"column":150}},"locations":[{"start":{"line":5,"column":58},"end":{"line":5,"column":150}}]},"6":{"type":"branch","line":5,"loc":{"start":{"line":5,"column":81},"end":{"line":5,"column":150}},"locations":[{"start":{"line":5,"column":81},"end":{"line":5,"column":150}}]},"7":{"type":"branch","line":5,"loc":{"start":{"line":5,"column":99},"end":{"line":5,"column":143}},"locations":[{"start":{"line":5,"column":99},"end":{"line":5,"column":143}}]},"8":{"type":"branch","line":6,"loc":{"start":{"line":6,"column":17},"end":{"line":6,"column":21}},"locations":[{"start":{"line":6,"column":17},"end":{"line":6,"column":21}}]},"9":{"type":"branch","line":6,"loc":{"start":{"line":6,"column":22},"end":{"line":6,"column":62}},"locations":[{"start":{"line":6,"column":22},"end":{"line":6,"column":62}}]},"10":{"type":"branch","line":8,"loc":{"start":{"line":8,"column":46},"end":{"line":10,"column":1}},"locations":[{"start":{"line":8,"column":46},"end":{"line":10,"column":1}}]},"11":{"type":"branch","line":9,"loc":{"start":{"line":9,"column":79},"end":{"line":9,"column":109}},"locations":[{"start":{"line":9,"column":79},"end":{"line":9,"column":109}}]},"12":{"type":"branch","line":11,"loc":{"start":{"line":11,"column":44},"end":{"line":19,"column":1}},"locations":[{"start":{"line":11,"column":44},"end":{"line":19,"column":1}}]},"13":{"type":"branch","line":12,"loc":{"start":{"line":12,"column":4},"end":{"line":12,"column":112}},"locations":[{"start":{"line":12,"column":4},"end":{"line":12,"column":112}}]},"14":{"type":"branch","line":12,"loc":{"start":{"line":12,"column":62},"end":{"line":12,"column":109}},"locations":[{"start":{"line":12,"column":62},"end":{"line":12,"column":109}}]},"15":{"type":"branch","line":13,"loc":{"start":{"line":13,"column":36},"end":{"line":18,"column":5}},"locations":[{"start":{"line":13,"column":36},"end":{"line":18,"column":5}}]},"16":{"type":"branch","line":14,"loc":{"start":{"line":14,"column":8},"end":{"line":14,"column":99}},"locations":[{"start":{"line":14,"column":8},"end":{"line":14,"column":99}}]},"17":{"type":"branch","line":14,"loc":{"start":{"line":14,"column":73},"end":{"line":14,"column":97}},"locations":[{"start":{"line":14,"column":73},"end":{"line":14,"column":97}}]},"18":{"type":"branch","line":16,"loc":{"start":{"line":16,"column":8},"end":{"line":16,"column":118}},"locations":[{"start":{"line":16,"column":8},"end":{"line":16,"column":118}}]},"19":{"type":"branch","line":16,"loc":{"start":{"line":16,"column":44},"end":{"line":16,"column":67}},"locations":[{"start":{"line":16,"column":44},"end":{"line":16,"column":67}}]},"20":{"type":"branch","line":16,"loc":{"start":{"line":16,"column":68},"end":{"line":16,"column":115}},"locations":[{"start":{"line":16,"column":68},"end":{"line":16,"column":115}}]},"21":{"type":"branch","line":26,"loc":{"start":{"line":26,"column":4},"end":{"line":28,"column":5}},"locations":[{"start":{"line":26,"column":4},"end":{"line":28,"column":5}}]},"22":{"type":"branch","line":29,"loc":{"start":{"line":29,"column":4},"end":{"line":37,"column":5}},"locations":[{"start":{"line":29,"column":4},"end":{"line":37,"column":5}}]},"23":{"type":"branch","line":30,"loc":{"start":{"line":30,"column":47},"end":{"line":36,"column":9}},"locations":[{"start":{"line":30,"column":47},"end":{"line":36,"column":9}}]},"24":{"type":"branch","line":33,"loc":{"start":{"line":33,"column":38},"end":{"line":33,"column":69}},"locations":[{"start":{"line":33,"column":38},"end":{"line":33,"column":69}}]},"25":{"type":"branch","line":33,"loc":{"start":{"line":33,"column":71},"end":{"line":35,"column":13}},"locations":[{"start":{"line":33,"column":71},"end":{"line":35,"column":13}}]},"26":{"type":"branch","line":34,"loc":{"start":{"line":34,"column":60},"end":{"line":34,"column":93}},"locations":[{"start":{"line":34,"column":60},"end":{"line":34,"column":93}}]}},"b":{"0":[1],"1":[1],"2":[1],"3":[0],"4":[0],"5":[2],"6":[1],"7":[0],"8":[0],"9":[0],"10":[1],"11":[0],"12":[2],"13":[2],"14":[0],"15":[2],"16":[2],"17":[1],"18":[3],"19":[1],"20":[2],"21":[2],"22":[2],"23":[2],"24":[1],"25":[1],"26":[0]},"fnMap":{"0":{"name":"Object.<anonymous>","decl":{"start":{"line":1,"column":0},"end":{"line":43,"column":26}},"loc":{"start":{"line":1,"column":0},"end":{"line":43,"column":26}},"line":1},"1":{"name":"Object.<anonymous>.__decorate","decl":{"start":{"line":2,"column":46},"end":{"line":7,"column":1}},"loc":{"start":{"line":2,"column":46},"end":{"line":7,"column":1}},"line":2},"2":{"name":"Object.<anonymous>.__metadata","decl":{"start":{"line":8,"column":46},"end":{"line":10,"column":1}},"loc":{"start":{"line":8,"column":46},"end":{"line":10,"column":1}},"line":8},"3":{"name":"Object.<anonymous>.__awaiter","decl":{"start":{"line":11,"column":44},"end":{"line":19,"column":1}},"loc":{"start":{"line":11,"column":44},"end":{"line":19,"column":1}},"line":11},"4":{"name":"adopt","decl":{"start":{"line":12,"column":4},"end":{"line":12,"column":112}},"loc":{"start":{"line":12,"column":4},"end":{"line":12,"column":112}},"line":12},"5":{"name":"fulfilled","decl":{"start":{"line":14,"column":8},"end":{"line":14,"column":99}},"loc":{"start":{"line":14,"column":8},"end":{"line":14,"column":99}},"line":14},"6":{"name":"rejected","decl":{"start":{"line":15,"column":8},"end":{"line":15,"column":102}},"loc":{"start":{"line":15,"column":8},"end":{"line":15,"column":102}},"line":15},"7":{"name":"step","decl":{"start":{"line":16,"column":8},"end":{"line":16,"column":118}},"loc":{"start":{"line":16,"column":8},"end":{"line":16,"column":118}},"line":16},"8":{"name":"CustomerDeleteUseCase","decl":{"start":{"line":26,"column":4},"end":{"line":28,"column":5}},"loc":{"start":{"line":26,"column":4},"end":{"line":28,"column":5}},"line":26},"9":{"name":"deleteCustomer","decl":{"start":{"line":29,"column":4},"end":{"line":37,"column":5}},"loc":{"start":{"line":29,"column":4},"end":{"line":37,"column":5}},"line":29}},"f":{"0":1,"1":1,"2":1,"3":2,"4":2,"5":2,"6":0,"7":3,"8":2,"9":2}}
,"D:\\Eduv4\\RetoMEX\\reto-servlees-swapi\\dist\\contexts\\customer\\application\\usecases\\CustomerUpdateUseCase.js": {"path":"D:\\Eduv4\\RetoMEX\\reto-servlees-swapi\\dist\\contexts\\customer\\application\\usecases\\CustomerUpdateUseCase.js","all":false,"statementMap":{"0":{"start":{"line":1,"column":0},"end":{"line":1,"column":13}},"1":{"start":{"line":2,"column":0},"end":{"line":2,"column":88}},"2":{"start":{"line":3,"column":0},"end":{"line":3,"column":129}},"3":{"start":{"line":4,"column":0},"end":{"line":4,"column":131}},"4":{"start":{"line":5,"column":0},"end":{"line":5,"column":150}},"5":{"start":{"line":6,"column":0},"end":{"line":6,"column":66}},"6":{"start":{"line":7,"column":0},"end":{"line":7,"column":2}},"7":{"start":{"line":8,"column":0},"end":{"line":8,"column":63}},"8":{"start":{"line":9,"column":0},"end":{"line":9,"column":109}},"9":{"start":{"line":10,"column":0},"end":{"line":10,"column":2}},"10":{"start":{"line":11,"column":0},"end":{"line":11,"column":90}},"11":{"start":{"line":12,"column":0},"end":{"line":12,"column":112}},"12":{"start":{"line":13,"column":0},"end":{"line":13,"column":64}},"13":{"start":{"line":14,"column":0},"end":{"line":14,"column":99}},"14":{"start":{"line":15,"column":0},"end":{"line":15,"column":102}},"15":{"start":{"line":16,"column":0},"end":{"line":16,"column":118}},"16":{"start":{"line":17,"column":0},"end":{"line":17,"column":78}},"17":{"start":{"line":18,"column":0},"end":{"line":18,"column":7}},"18":{"start":{"line":19,"column":0},"end":{"line":19,"column":2}},"19":{"start":{"line":20,"column":0},"end":{"line":20,"column":62}},"20":{"start":{"line":21,"column":0},"end":{"line":21,"column":77}},"21":{"start":{"line":22,"column":0},"end":{"line":22,"column":35}},"22":{"start":{"line":23,"column":0},"end":{"line":23,"column":77}},"23":{"start":{"line":24,"column":0},"end":{"line":24,"column":59}},"24":{"start":{"line":25,"column":0},"end":{"line":25,"column":57}},"25":{"start":{"line":26,"column":0},"end":{"line":26,"column":33}},"26":{"start":{"line":27,"column":0},"end":{"line":27,"column":45}},"27":{"start":{"line":28,"column":0},"end":{"line":28,"column":5}},"28":{"start":{"line":29,"column":0},"end":{"line":29,"column":26}},"29":{"start":{"line":30,"column":0},"end":{"line":30,"column":61}},"30":{"start":{"line":31,"column":0},"end":{"line":31,"column":84}},"31":{"start":{"line":32,"column":0},"end":{"line":32,"column":76}},"32":{"start":{"line":33,"column":0},"end":{"line":33,"column":73}},"33":{"start":{"line":34,"column":0},"end":{"line":34,"column":66}},"34":{"start":{"line":35,"column":0},"end":{"line":35,"column":13}},"35":{"start":{"line":36,"column":0},"end":{"line":36,"column":48}},"36":{"start":{"line":37,"column":0},"end":{"line":37,"column":11}},"37":{"start":{"line":38,"column":0},"end":{"line":38,"column":5}},"38":{"start":{"line":39,"column":0},"end":{"line":39,"column":2}},"39":{"start":{"line":40,"column":0},"end":{"line":40,"column":54}},"40":{"start":{"line":41,"column":0},"end":{"line":41,"column":68}},"41":{"start":{"line":42,"column":0},"end":{"line":42,"column":63}},"42":{"start":{"line":43,"column":0},"end":{"line":43,"column":45}},"43":{"start":{"line":44,"column":0},"end":{"line":44,"column":26}}},"s":{"0":1,"1":1,"2":1,"3":1,"4":1,"5":1,"6":1,"7":1,"8":1,"9":1,"10":1,"11":3,"12":3,"13":3,"14":3,"15":3,"16":3,"17":3,"18":1,"19":1,"20":1,"21":1,"22":1,"23":1,"24":1,"25":1,"26":3,"27":3,"28":1,"29":3,"30":3,"31":3,"32":3,"33":2,"34":2,"35":1,"36":3,"37":3,"38":1,"39":1,"40":1,"41":1,"42":1,"43":1},"branchMap":{"0":{"type":"branch","line":1,"loc":{"start":{"line":1,"column":0},"end":{"line":44,"column":26}},"locations":[{"start":{"line":1,"column":0},"end":{"line":44,"column":26}}]},"1":{"type":"branch","line":1,"loc":{"start":{"line":1,"column":0},"end":{"line":44,"column":26}},"locations":[{"start":{"line":1,"column":0},"end":{"line":44,"column":26}}]},"2":{"type":"branch","line":2,"loc":{"start":{"line":2,"column":46},"end":{"line":7,"column":1}},"locations":[{"start":{"line":2,"column":46},"end":{"line":7,"column":1}}]},"3":{"type":"branch","line":3,"loc":{"start":{"line":3,"column":49},"end":{"line":3,"column":125}},"locations":[{"start":{"line":3,"column":49},"end":{"line":3,"column":125}}]},"4":{"type":"branch","line":4,"loc":{"start":{"line":4,"column":79},"end":{"line":4,"column":131}},"locations":[{"start":{"line":4,"column":79},"end":{"line":4,"column":131}}]},"5":{"type":"branch","line":5,"loc":{"start":{"line":5,"column":58},"end":{"line":5,"column":150}},"locations":[{"start":{"line":5,"column":58},"end":{"line":5,"column":150}}]},"6":{"type":"branch","line":5,"loc":{"start":{"line":5,"column":81},"end":{"line":5,"column":150}},"locations":[{"start":{"line":5,"column":81},"end":{"line":5,"column":150}}]},"7":{"type":"branch","line":5,"loc":{"start":{"line":5,"column":99},"end":{"line":5,"column":143}},"locations":[{"start":{"line":5,"column":99},"end":{"line":5,"column":143}}]},"8":{"type":"branch","line":6,"loc":{"start":{"line":6,"column":17},"end":{"line":6,"column":21}},"locations":[{"start":{"line":6,"column":17},"end":{"line":6,"column":21}}]},"9":{"type":"branch","line":6,"loc":{"start":{"line":6,"column":22},"end":{"line":6,"column":62}},"locations":[{"start":{"line":6,"column":22},"end":{"line":6,"column":62}}]},"10":{"type":"branch","line":8,"loc":{"start":{"line":8,"column":46},"end":{"line":10,"column":1}},"locations":[{"start":{"line":8,"column":46},"end":{"line":10,"column":1}}]},"11":{"type":"branch","line":9,"loc":{"start":{"line":9,"column":79},"end":{"line":9,"column":109}},"locations":[{"start":{"line":9,"column":79},"end":{"line":9,"column":109}}]},"12":{"type":"branch","line":11,"loc":{"start":{"line":11,"column":44},"end":{"line":19,"column":1}},"locations":[{"start":{"line":11,"column":44},"end":{"line":19,"column":1}}]},"13":{"type":"branch","line":12,"loc":{"start":{"line":12,"column":4},"end":{"line":12,"column":112}},"locations":[{"start":{"line":12,"column":4},"end":{"line":12,"column":112}}]},"14":{"type":"branch","line":12,"loc":{"start":{"line":12,"column":62},"end":{"line":12,"column":109}},"locations":[{"start":{"line":12,"column":62},"end":{"line":12,"column":109}}]},"15":{"type":"branch","line":13,"loc":{"start":{"line":13,"column":36},"end":{"line":18,"column":5}},"locations":[{"start":{"line":13,"column":36},"end":{"line":18,"column":5}}]},"16":{"type":"branch","line":14,"loc":{"start":{"line":14,"column":8},"end":{"line":14,"column":99}},"locations":[{"start":{"line":14,"column":8},"end":{"line":14,"column":99}}]},"17":{"type":"branch","line":14,"loc":{"start":{"line":14,"column":73},"end":{"line":14,"column":97}},"locations":[{"start":{"line":14,"column":73},"end":{"line":14,"column":97}}]},"18":{"type":"branch","line":16,"loc":{"start":{"line":16,"column":8},"end":{"line":16,"column":118}},"locations":[{"start":{"line":16,"column":8},"end":{"line":16,"column":118}}]},"19":{"type":"branch","line":16,"loc":{"start":{"line":16,"column":44},"end":{"line":16,"column":67}},"locations":[{"start":{"line":16,"column":44},"end":{"line":16,"column":67}}]},"20":{"type":"branch","line":16,"loc":{"start":{"line":16,"column":68},"end":{"line":16,"column":115}},"locations":[{"start":{"line":16,"column":68},"end":{"line":16,"column":115}}]},"21":{"type":"branch","line":26,"loc":{"start":{"line":26,"column":4},"end":{"line":28,"column":5}},"locations":[{"start":{"line":26,"column":4},"end":{"line":28,"column":5}}]},"22":{"type":"branch","line":29,"loc":{"start":{"line":29,"column":4},"end":{"line":38,"column":5}},"locations":[{"start":{"line":29,"column":4},"end":{"line":38,"column":5}}]},"23":{"type":"branch","line":30,"loc":{"start":{"line":30,"column":47},"end":{"line":37,"column":9}},"locations":[{"start":{"line":30,"column":47},"end":{"line":37,"column":9}}]},"24":{"type":"branch","line":33,"loc":{"start":{"line":33,"column":38},"end":{"line":33,"column":70}},"locations":[{"start":{"line":33,"column":38},"end":{"line":33,"column":70}}]},"25":{"type":"branch","line":33,"loc":{"start":{"line":33,"column":72},"end":{"line":35,"column":13}},"locations":[{"start":{"line":33,"column":72},"end":{"line":35,"column":13}}]},"26":{"type":"branch","line":36,"loc":{"start":{"line":36,"column":-1},"end":{"line":37,"column":8}},"locations":[{"start":{"line":36,"column":-1},"end":{"line":37,"column":8}}]}},"b":{"0":[1],"1":[1],"2":[1],"3":[0],"4":[0],"5":[2],"6":[1],"7":[0],"8":[0],"9":[0],"10":[1],"11":[0],"12":[3],"13":[3],"14":[0],"15":[3],"16":[3],"17":[2],"18":[4],"19":[1],"20":[3],"21":[3],"22":[3],"23":[3],"24":[2],"25":[2],"26":[1]},"fnMap":{"0":{"name":"Object.<anonymous>","decl":{"start":{"line":1,"column":0},"end":{"line":44,"column":26}},"loc":{"start":{"line":1,"column":0},"end":{"line":44,"column":26}},"line":1},"1":{"name":"Object.<anonymous>.__decorate","decl":{"start":{"line":2,"column":46},"end":{"line":7,"column":1}},"loc":{"start":{"line":2,"column":46},"end":{"line":7,"column":1}},"line":2},"2":{"name":"Object.<anonymous>.__metadata","decl":{"start":{"line":8,"column":46},"end":{"line":10,"column":1}},"loc":{"start":{"line":8,"column":46},"end":{"line":10,"column":1}},"line":8},"3":{"name":"Object.<anonymous>.__awaiter","decl":{"start":{"line":11,"column":44},"end":{"line":19,"column":1}},"loc":{"start":{"line":11,"column":44},"end":{"line":19,"column":1}},"line":11},"4":{"name":"adopt","decl":{"start":{"line":12,"column":4},"end":{"line":12,"column":112}},"loc":{"start":{"line":12,"column":4},"end":{"line":12,"column":112}},"line":12},"5":{"name":"fulfilled","decl":{"start":{"line":14,"column":8},"end":{"line":14,"column":99}},"loc":{"start":{"line":14,"column":8},"end":{"line":14,"column":99}},"line":14},"6":{"name":"rejected","decl":{"start":{"line":15,"column":8},"end":{"line":15,"column":102}},"loc":{"start":{"line":15,"column":8},"end":{"line":15,"column":102}},"line":15},"7":{"name":"step","decl":{"start":{"line":16,"column":8},"end":{"line":16,"column":118}},"loc":{"start":{"line":16,"column":8},"end":{"line":16,"column":118}},"line":16},"8":{"name":"CustomerUpdateUseCase","decl":{"start":{"line":26,"column":4},"end":{"line":28,"column":5}},"loc":{"start":{"line":26,"column":4},"end":{"line":28,"column":5}},"line":26},"9":{"name":"updateCustomer","decl":{"start":{"line":29,"column":4},"end":{"line":38,"column":5}},"loc":{"start":{"line":29,"column":4},"end":{"line":38,"column":5}},"line":29}},"f":{"0":1,"1":1,"2":1,"3":3,"4":3,"5":3,"6":0,"7":4,"8":3,"9":3}}
,"D:\\Eduv4\\RetoMEX\\reto-servlees-swapi\\dist\\contexts\\customer\\application\\usecases\\ListCustomersByCreditUseCase.js": {"path":"D:\\Eduv4\\RetoMEX\\reto-servlees-swapi\\dist\\contexts\\customer\\application\\usecases\\ListCustomersByCreditUseCase.js","all":false,"statementMap":{"0":{"start":{"line":1,"column":0},"end":{"line":1,"column":13}},"1":{"start":{"line":2,"column":0},"end":{"line":2,"column":88}},"2":{"start":{"line":3,"column":0},"end":{"line":3,"column":129}},"3":{"start":{"line":4,"column":0},"end":{"line":4,"column":131}},"4":{"start":{"line":5,"column":0},"end":{"line":5,"column":150}},"5":{"start":{"line":6,"column":0},"end":{"line":6,"column":66}},"6":{"start":{"line":7,"column":0},"end":{"line":7,"column":2}},"7":{"start":{"line":8,"column":0},"end":{"line":8,"column":63}},"8":{"start":{"line":9,"column":0},"end":{"line":9,"column":109}},"9":{"start":{"line":10,"column":0},"end":{"line":10,"column":2}},"10":{"start":{"line":11,"column":0},"end":{"line":11,"column":90}},"11":{"start":{"line":12,"column":0},"end":{"line":12,"column":112}},"12":{"start":{"line":13,"column":0},"end":{"line":13,"column":64}},"13":{"start":{"line":14,"column":0},"end":{"line":14,"column":99}},"14":{"start":{"line":15,"column":0},"end":{"line":15,"column":102}},"15":{"start":{"line":16,"column":0},"end":{"line":16,"column":118}},"16":{"start":{"line":17,"column":0},"end":{"line":17,"column":78}},"17":{"start":{"line":18,"column":0},"end":{"line":18,"column":7}},"18":{"start":{"line":19,"column":0},"end":{"line":19,"column":2}},"19":{"start":{"line":20,"column":0},"end":{"line":20,"column":62}},"20":{"start":{"line":21,"column":0},"end":{"line":21,"column":46}},"21":{"start":{"line":22,"column":0},"end":{"line":22,"column":35}},"22":{"start":{"line":23,"column":0},"end":{"line":23,"column":86}},"23":{"start":{"line":24,"column":0},"end":{"line":24,"column":71}},"24":{"start":{"line":25,"column":0},"end":{"line":25,"column":39}},"25":{"start":{"line":26,"column":0},"end":{"line":26,"column":57}},"26":{"start":{"line":27,"column":0},"end":{"line":27,"column":5}},"27":{"start":{"line":28,"column":0},"end":{"line":28,"column":15}},"28":{"start":{"line":29,"column":0},"end":{"line":29,"column":61}},"29":{"start":{"line":30,"column":0},"end":{"line":30,"column":88}},"30":{"start":{"line":31,"column":0},"end":{"line":31,"column":66}},"31":{"start":{"line":32,"column":0},"end":{"line":32,"column":11}},"32":{"start":{"line":33,"column":0},"end":{"line":33,"column":5}},"33":{"start":{"line":34,"column":0},"end":{"line":34,"column":2}},"34":{"start":{"line":35,"column":0},"end":{"line":35,"column":68}},"35":{"start":{"line":36,"column":0},"end":{"line":36,"column":82}},"36":{"start":{"line":37,"column":0},"end":{"line":37,"column":28}},"37":{"start":{"line":38,"column":0},"end":{"line":38,"column":45}},"38":{"start":{"line":39,"column":0},"end":{"line":39,"column":33}}},"s":{"0":1,"1":1,"2":1,"3":1,"4":1,"5":1,"6":1,"7":1,"8":1,"9":1,"10":1,"11":2,"12":2,"13":2,"14":2,"15":2,"16":2,"17":2,"18":1,"19":1,"20":1,"21":1,"22":1,"23":1,"24":1,"25":2,"26":2,"27":1,"28":2,"29":2,"30":2,"31":2,"32":2,"33":1,"34":1,"35":1,"36":1,"37":1,"38":1},"branchMap":{"0":{"type":"branch","line":1,"loc":{"start":{"line":1,"column":0},"end":{"line":39,"column":33}},"locations":[{"start":{"line":1,"column":0},"end":{"line":39,"column":33}}]},"1":{"type":"branch","line":1,"loc":{"start":{"line":1,"column":0},"end":{"line":39,"column":33}},"locations":[{"start":{"line":1,"column":0},"end":{"line":39,"column":33}}]},"2":{"type":"branch","line":2,"loc":{"start":{"line":2,"column":46},"end":{"line":7,"column":1}},"locations":[{"start":{"line":2,"column":46},"end":{"line":7,"column":1}}]},"3":{"type":"branch","line":3,"loc":{"start":{"line":3,"column":49},"end":{"line":3,"column":125}},"locations":[{"start":{"line":3,"column":49},"end":{"line":3,"column":125}}]},"4":{"type":"branch","line":4,"loc":{"start":{"line":4,"column":79},"end":{"line":4,"column":131}},"locations":[{"start":{"line":4,"column":79},"end":{"line":4,"column":131}}]},"5":{"type":"branch","line":5,"loc":{"start":{"line":5,"column":58},"end":{"line":5,"column":150}},"locations":[{"start":{"line":5,"column":58},"end":{"line":5,"column":150}}]},"6":{"type":"branch","line":5,"loc":{"start":{"line":5,"column":81},"end":{"line":5,"column":150}},"locations":[{"start":{"line":5,"column":81},"end":{"line":5,"column":150}}]},"7":{"type":"branch","line":5,"loc":{"start":{"line":5,"column":99},"end":{"line":5,"column":143}},"locations":[{"start":{"line":5,"column":99},"end":{"line":5,"column":143}}]},"8":{"type":"branch","line":6,"loc":{"start":{"line":6,"column":17},"end":{"line":6,"column":21}},"locations":[{"start":{"line":6,"column":17},"end":{"line":6,"column":21}}]},"9":{"type":"branch","line":6,"loc":{"start":{"line":6,"column":22},"end":{"line":6,"column":62}},"locations":[{"start":{"line":6,"column":22},"end":{"line":6,"column":62}}]},"10":{"type":"branch","line":8,"loc":{"start":{"line":8,"column":46},"end":{"line":10,"column":1}},"locations":[{"start":{"line":8,"column":46},"end":{"line":10,"column":1}}]},"11":{"type":"branch","line":9,"loc":{"start":{"line":9,"column":79},"end":{"line":9,"column":109}},"locations":[{"start":{"line":9,"column":79},"end":{"line":9,"column":109}}]},"12":{"type":"branch","line":11,"loc":{"start":{"line":11,"column":44},"end":{"line":19,"column":1}},"locations":[{"start":{"line":11,"column":44},"end":{"line":19,"column":1}}]},"13":{"type":"branch","line":12,"loc":{"start":{"line":12,"column":4},"end":{"line":12,"column":112}},"locations":[{"start":{"line":12,"column":4},"end":{"line":12,"column":112}}]},"14":{"type":"branch","line":12,"loc":{"start":{"line":12,"column":62},"end":{"line":12,"column":109}},"locations":[{"start":{"line":12,"column":62},"end":{"line":12,"column":109}}]},"15":{"type":"branch","line":13,"loc":{"start":{"line":13,"column":36},"end":{"line":18,"column":5}},"locations":[{"start":{"line":13,"column":36},"end":{"line":18,"column":5}}]},"16":{"type":"branch","line":14,"loc":{"start":{"line":14,"column":8},"end":{"line":14,"column":99}},"locations":[{"start":{"line":14,"column":8},"end":{"line":14,"column":99}}]},"17":{"type":"branch","line":14,"loc":{"start":{"line":14,"column":73},"end":{"line":14,"column":97}},"locations":[{"start":{"line":14,"column":73},"end":{"line":14,"column":97}}]},"18":{"type":"branch","line":15,"loc":{"start":{"line":15,"column":8},"end":{"line":15,"column":102}},"locations":[{"start":{"line":15,"column":8},"end":{"line":15,"column":102}}]},"19":{"type":"branch","line":16,"loc":{"start":{"line":16,"column":8},"end":{"line":16,"column":118}},"locations":[{"start":{"line":16,"column":8},"end":{"line":16,"column":118}}]},"20":{"type":"branch","line":16,"loc":{"start":{"line":16,"column":44},"end":{"line":16,"column":67}},"locations":[{"start":{"line":16,"column":44},"end":{"line":16,"column":67}}]},"21":{"type":"branch","line":16,"loc":{"start":{"line":16,"column":68},"end":{"line":16,"column":115}},"locations":[{"start":{"line":16,"column":68},"end":{"line":16,"column":115}}]},"22":{"type":"branch","line":25,"loc":{"start":{"line":25,"column":4},"end":{"line":27,"column":5}},"locations":[{"start":{"line":25,"column":4},"end":{"line":27,"column":5}}]},"23":{"type":"branch","line":28,"loc":{"start":{"line":28,"column":4},"end":{"line":33,"column":5}},"locations":[{"start":{"line":28,"column":4},"end":{"line":33,"column":5}}]},"24":{"type":"branch","line":29,"loc":{"start":{"line":29,"column":47},"end":{"line":32,"column":9}},"locations":[{"start":{"line":29,"column":47},"end":{"line":32,"column":9}}]}},"b":{"0":[1],"1":[1],"2":[1],"3":[0],"4":[0],"5":[2],"6":[1],"7":[0],"8":[0],"9":[0],"10":[1],"11":[0],"12":[2],"13":[2],"14":[0],"1
[...]
":78}},"4":{"start":{"line":5,"column":0},"end":{"line":5,"column":52}},"5":{"start":{"line":6,"column":0},"end":{"line":6,"column":74}},"6":{"start":{"line":7,"column":0},"end":{"line":7,"column":68}},"7":{"start":{"line":8,"column":0},"end":{"line":8,"column":0}},"8":{"start":{"line":9,"column":0},"end":{"line":9,"column":79}},"9":{"start":{"line":10,"column":0},"end":{"line":10,"column":0}},"10":{"start":{"line":11,"column":0},"end":{"line":11,"column":37}},"11":{"start":{"line":12,"column":0},"end":{"line":12,"column":70}},"12":{"start":{"line":13,"column":0},"end":{"line":13,"column":16}},"13":{"start":{"line":14,"column":0},"end":{"line":14,"column":117}},"14":{"start":{"line":15,"column":0},"end":{"line":15,"column":8}},"15":{"start":{"line":16,"column":0},"end":{"line":16,"column":0}},"16":{"start":{"line":17,"column":0},"end":{"line":17,"column":69}},"17":{"start":{"line":18,"column":0},"end":{"line":18,"column":56}},"18":{"start":{"line":19,"column":0},"end":{"line":19,"column":72}},"19":{"start":{"line":20,"column":0},"end":{"line":20,"column":0}},"20":{"start":{"line":21,"column":0},"end":{"line":21,"column":69}},"21":{"start":{"line":22,"column":0},"end":{"line":22,"column":63}},"22":{"start":{"line":23,"column":0},"end":{"line":23,"column":9}},"23":{"start":{"line":24,"column":0},"end":{"line":24,"column":44}},"24":{"start":{"line":25,"column":0},"end":{"line":25,"column":5}},"25":{"start":{"line":26,"column":0},"end":{"line":26,"column":1}}},"s":{"0":1,"1":1,"2":1,"3":1,"4":1,"5":1,"6":1,"7":1,"8":1,"9":1,"10":1,"11":1,"12":1,"13":3,"14":3,"15":1,"16":1,"17":3,"18":3,"19":3,"20":3,"21":2,"22":2,"23":1,"24":1,"25":1},"branchMap":{"0":{"type":"branch","line":13,"loc":{"start":{"line":13,"column":4},"end":{"line":15,"column":8}},"locations":[{"start":{"line":13,"column":4},"end":{"line":15,"column":8}}]},"1":{"type":"branch","line":17,"loc":{"start":{"line":17,"column":10},"end":{"line":25,"column":5}},"locations":[{"start":{"line":17,"column":10},"end":{"line":25,"column":5}}]},"2":{"type":"branch","line":21,"loc":{"start":{"line":21,"column":33},"end":{"line":21,"column":66}},"locations":[{"start":{"line":21,"column":33},"end":{"line":21,"column":66}}]},"3":{"type":"branch","line":21,"loc":{"start":{"line":21,"column":68},"end":{"line":23,"column":9}},"locations":[{"start":{"line":21,"column":68},"end":{"line":23,"column":9}}]},"4":{"type":"branch","line":24,"loc":{"start":{"line":24,"column":-2},"end":{"line":25,"column":5}},"locations":[{"start":{"line":24,"column":-2},"end":{"line":25,"column":5}}]}},"b":{"0":[3],"1":[3],"2":[2],"3":[2],"4":[1]},"fnMap":{"0":{"name":"CustomerUpdateUseCase","decl":{"start":{"line":13,"column":4},"end":{"line":15,"column":8}},"loc":{"start":{"line":13,"column":4},"end":{"line":15,"column":8}},"line":13},"1":{"name":"updateCustomer","decl":{"start":{"line":17,"column":10},"end":{"line":25,"column":5}},"loc":{"start":{"line":17,"column":10},"end":{"line":25,"column":5}},"line":17}},"f":{"0":3,"1":3}}
,"D:\\Eduv4\\RetoMEX\\reto-servlees-swapi\\src\\contexts\\customer\\application\\usecases\\ListCustomersByCreditUseCase.ts": {"path":"D:\\Eduv4\\RetoMEX\\reto-servlees-swapi\\src\\contexts\\customer\\application\\usecases\\ListCustomersByCreditUseCase.ts","all":false,"statementMap":{"0":{"start":{"line":1,"column":0},"end":{"line":1,"column":33}},"1":{"start":{"line":2,"column":0},"end":{"line":2,"column":68}},"2":{"start":{"line":3,"column":0},"end":{"line":3,"column":52}},"3":{"start":{"line":4,"column":0},"end":{"line":4,"column":92}},"4":{"start":{"line":5,"column":0},"end":{"line":5,"column":84}},"5":{"start":{"line":6,"column":0},"end":{"line":6,"column":0}},"6":{"start":{"line":7,"column":0},"end":{"line":7,"column":10}},"7":{"start":{"line":8,"column":0},"end":{"line":8,"column":84}},"8":{"start":{"line":9,"column":0},"end":{"line":9,"column":0}},"9":{"start":{"line":10,"column":0},"end":{"line":10,"column":16}},"10":{"start":{"line":11,"column":0},"end":{"line":11,"column":95}},"11":{"start":{"line":12,"column":0},"end":{"line":12,"column":8}},"12":{"start":{"line":13,"column":0},"end":{"line":13,"column":0}},"13":{"start":{"line":14,"column":0},"end":{"line":14,"column":46}},"14":{"start":{"line":15,"column":0},"end":{"line":15,"column":55}},"15":{"start":{"line":16,"column":0},"end":{"line":16,"column":62}},"16":{"start":{"line":17,"column":0},"end":{"line":17,"column":5}},"17":{"start":{"line":18,"column":0},"end":{"line":18,"column":1}}},"s":{"0":1,"1":1,"2":1,"3":1,"4":1,"5":1,"6":1,"7":1,"8":1,"9":1,"10":2,"11":2,"12":1,"13":1,"14":2,"15":2,"16":2,"17":1},"branchMap":{"0":{"type":"branch","line":10,"loc":{"start":{"line":10,"column":4},"end":{"line":12,"column":8}},"locations":[{"start":{"line":10,"column":4},"end":{"line":12,"column":8}}]},"1":{"type":"branch","line":14,"loc":{"start":{"line":14,"column":10},"end":{"line":17,"column":5}},"locations":[{"start":{"line":14,"column":10},"end":{"line":17,"column":5}}]}},"b":{"0":[2],"1":[2]},"fnMap":{"0":{"name":"ListCustomersByCreditUseCase","decl":{"start":{"line":10,"column":4},"end":{"line":12,"column":8}},"loc":{"start":{"line":10,"column":4},"end":{"line":12,"column":8}},"line":10},"1":{"name":"execute","decl":{"start":{"line":14,"column":10},"end":{"line":17,"column":5}},"loc":{"start":{"line":14,"column":10},"end":{"line":17,"column":5}},"line":14}},"f":{"0":2,"1":2}}
,"D:\\Eduv4\\RetoMEX\\reto-servlees-swapi\\src\\contexts\\customer\\infraestructure\\repositories\\CustomerRepository.ts": {"path":"D:\\Eduv4\\RetoMEX\\reto-servlees-swapi\\src\\contexts\\customer\\infraestructure\\repositories\\CustomerRepository.ts","all":false,"statementMap":{"0":{"start":{"line":1,"column":0},"end":{"line":1,"column":46}},"1":{"start":{"line":2,"column":0},"end":{"line":2,"column":67}},"2":{"start":{"line":3,"column":0},"end":{"line":3,"column":82}},"3":{"start":{"line":4,"column":0},"end":{"line":4,"column":0}},"4":{"start":{"line":5,"column":0},"end":{"line":5,"column":64}},"5":{"start":{"line":6,"column":0},"end":{"line":6,"column":33}},"6":{"start":{"line":7,"column":0},"end":{"line":7,"column":0}},"7":{"start":{"line":8,"column":0},"end":{"line":8,"column":39}},"8":{"start":{"line":9,"column":0},"end":{"line":9,"column":29}},"9":{"start":{"line":10,"column":0},"end":{"line":10,"column":5}},"10":{"start":{"line":11,"column":0},"end":{"line":11,"column":0}},"11":{"start":{"line":12,"column":0},"end":{"line":12,"column":61}},"12":{"start":{"line":13,"column":0},"end":{"line":13,"column":63}},"13":{"start":{"line":14,"column":0},"end":{"line":14,"column":19}},"14":{"start":{"line":15,"column":0},"end":{"line":15,"column":40}},"15":{"start":{"line":16,"column":0},"end":{"line":16,"column":42}},"16":{"start":{"line":17,"column":0},"end":{"line":17,"column":54}},"17":{"start":{"line":18,"column":0},"end":{"line":18,"column":46}},"18":{"start":{"line":19,"column":0},"end":{"line":19,"column":62}},"19":{"start":{"line":20,"column":0},"end":{"line":20,"column":49}},"20":{"start":{"line":21,"column":0},"end":{"line":21,"column":45}},"21":{"start":{"line":22,"column":0},"end":{"line":22,"column":14}},"22":{"start":{"line":23,"column":0},"end":{"line":23,"column":11}},"23":{"start":{"line":24,"column":0},"end":{"line":24,"column":0}},"24":{"start":{"line":25,"column":0},"end":{"line":25,"column":41}},"25":{"start":{"line":26,"column":0},"end":{"line":26,"column":5}},"26":{"start":{"line":27,"column":0},"end":{"line":27,"column":0}},"27":{"start":{"line":28,"column":0},"end":{"line":28,"column":62}},"28":{"start":{"line":29,"column":0},"end":{"line":29,"column":64}},"29":{"start":{"line":30,"column":0},"end":{"line":30,"column":30}},"30":{"start":{"line":31,"column":0},"end":{"line":31,"column":11}},"31":{"start":{"line":32,"column":0},"end":{"line":32,"column":0}},"32":{"start":{"line":33,"column":0},"end":{"line":33,"column":23}},"33":{"start":{"line":34,"column":0},"end":{"line":34,"column":37}},"34":{"start":{"line":35,"column":0},"end":{"line":35,"column":32}},"35":{"start":{"line":36,"column":0},"end":{"line":36,"column":36}},"36":{"start":{"line":37,"column":0},"end":{"line":37,"column":38}},"37":{"start":{"line":38,"column":0},"end":{"line":38,"column":50}},"38":{"start":{"line":39,"column":0},"end":{"line":39,"column":42}},"39":{"start":{"line":40,"column":0},"end":{"line":40,"column":58}},"40":{"start":{"line":41,"column":0},"end":{"line":41,"column":45}},"41":{"start":{"line":42,"column":0},"end":{"line":42,"column":41}},"42":{"start":{"line":43,"column":0},"end":{"line":43,"column":15}},"43":{"start":{"line":44,"column":0},"end":{"line":44,"column":9}},"44":{"start":{"line":45,"column":0},"end":{"line":45,"column":0}},"45":{"start":{"line":46,"column":0},"end":{"line":46,"column":20}},"46":{"start":{"line":47,"column":0},"end":{"line":47,"column":5}},"47":{"start":{"line":48,"column":0},"end":{"line":48,"column":0}},"48":{"start":{"line":49,"column":0},"end":{"line":49,"column":46}},"49":{"start":{"line":50,"column":0},"end":{"line":50,"column":67}},"50":{"start":{"line":51,"column":0},"end":{"line":51,"column":0}},"51":{"start":{"line":52,"column":0},"end":{"line":52,"column":57}},"52":{"start":{"line":53,"column":0},"end":{"line":53,"column":21}},"53":{"start":{"line":54,"column":0},"end":{"line":54,"column":25}},"54":{"start":{"line":55,"column":0},"end":{"line":55,"column":27}},"55":{"start":{"line":56,"column":0},"end":{"line":56,"column":39}},"56":{"start":{"line":57,"column":0},"end":{"line":57,"column":31}},"57":{"start":{"line":58,"column":0},"end":{"line":58,"column":47}},"58":{"start":{"line":59,"column":0},"end":{"line":59,"column":33}},"59":{"start":{"line":60,"column":0},"end":{"line":60,"column":30}},"60":{"start":{"line":61,"column":0},"end":{"line":61,"column":12}},"61":{"start":{"line":62,"column":0},"end":{"line":62,"column":5}},"62":{"start":{"line":63,"column":0},"end":{"line":63,"column":0}},"63":{"start":{"line":64,"column":0},"end":{"line":64,"column":69}},"64":{"start":{"line":65,"column":0},"end":{"line":65,"column":67}},"65":{"start":{"line":66,"column":0},"end":{"line":66,"column":43}},"66":{"start":{"line":67,"column":0},"end":{"line":67,"column":19}},"67":{"start":{"line":68,"column":0},"end":{"line":68,"column":40}},"68":{"start":{"line":69,"column":0},"end":{"line":69,"column":42}},"69":{"start":{"line":70,"column":0},"end":{"line":70,"column":54}},"70":{"start":{"line":71,"column":0},"end":{"line":71,"column":46}},"71":{"start":{"line":72,"column":0},"end":{"line":72,"column":62}},"72":{"start":{"line":73,"column":0},"end":{"line":73,"column":37}},"73":{"start":{"line":74,"column":0},"end":{"line":74,"column":14}},"74":{"start":{"line":75,"column":0},"end":{"line":75,"column":11}},"75":{"start":{"line":76,"column":0},"end":{"line":76,"column":0}},"76":{"start":{"line":77,"column":0},"end":{"line":77,"column":33}},"77":{"start":{"line":78,"column":0},"end":{"line":78,"column":35}},"78":{"start":{"line":79,"column":0},"end":{"line":79,"column":39}},"79":{"start":{"line":80,"column":0},"end":{"line":80,"column":41}},"80":{"start":{"line":81,"column":0},"end":{"line":81,"column":53}},"81":{"start":{"line":82,"column":0},"end":{"line":82,"column":45}},"82":{"start":{"line":83,"column":0},"end":{"line":83,"column":61}},"83":{"start":{"line":84,"column":0},"end":{"line":84,"column":45}},"84":{"start":{"line":85,"column":0},"end":{"line":85,"column":43}},"85":{"start":{"line":86,"column":0},"end":{"line":86,"column":11}},"86":{"start":{"line":87,"column":0},"end":{"line":87,"column":5}},"87":{"start":{"line":88,"column":0},"end":{"line":88,"column":0}},"88":{"start":{"line":89,"column":0},"end":{"line":89,"column":45}},"89":{"start":{"line":90,"column":0},"end":{"line":90,"column":43}},"90":{"start":{"line":91,"column":0},"end":{"line":91,"column":30}},"91":{"start":{"line":92,"column":0},"end":{"line":92,"column":11}},"92":{"start":{"line":93,"column":0},"end":{"line":93,"column":5}},"93":{"start":{"line":94,"column":0},"end":{"line":94,"column":1}},"94":{"start":{"line":95,"column":0},"end":{"line":95,"column":86}},"95":{"start":{"line":96,"column":0},"end":{"line":96,"column":94}},"96":{"start":{"line":97,"column":0},"end":{"line":97,"column":0}},"97":{"start":{"line":98,"column":0},"end":{"line":98,"column":24}},"98":{"start":{"line":99,"column":0},"end":{"line":99,"column":53}},"99":{"start":{"line":100,"column":0},"end":{"line":100,"column":9}},"100":{"start":{"line":101,"column":0},"end":{"line":101,"column":0}},"101":{"start":{"line":102,"column":0},"end":{"line":102,"column":67}},"102":{"start":{"line":103,"column":0},"end":{"line":103,"column":38}},"103":{"start":{"line":104,"column":0},"end":{"line":104,"column":19}},"104":{"start":{"line":105,"column":0},"end":{"line":105,"column":73}},"105":{"start":{"line":106,"column":0},"end":{"line":106,"column":38}},"106":{"start":{"line":107,"column":0},"end":{"line":107,"column":14}},"107":{"start":{"line":108,"column":0},"end":{"line":108,"column":11}},"108":{"start":{"line":109,"column":0},"end":{"line":109,"column":0}},"109":{"start":{"line":110,"column":0},"end":{"line":110,"column":33}},"110":{"start":{"line":111,"column":0},"end":{"line":111,"column":35}},"111":{"start":{"line":112,"column":0},"end":{"line":112,"column":39}},"112":{"start":{"line":113,"column":0},"end":{"line":113,"column":41}},"113":{"start":{"line":114,"column":0},"end":{"line":114,"column":53}},"114":{"start":{"line":115,"column":0},"end":{"line":115,"column":45}},"115":{"start":{"line":116,"column":0},"end":{"line":116,"column":61}},"116":{"start":{"line":117,"column":0},"end":{"line":117,"column":45}},"117":{"start":{"line":118,"column":0},"end":{"line":118,"column":43}},"118":{"start":{"line":119,"column":0},"end":{"line":119,"column":11}},"119":{"start":{"line":120,"column":0},"end":{"line":120,"column":5}},"120":{"start":{"line":121,"column":0},"end":{"line":121,"column":0}},"121":{"start":{"line":122,"column":0},"end":{"line":122,"column":61}},"122":{"start":{"line":123,"column":0},"end":{"line":123,"column":66}},"123":{"start":{"line":124,"column":0},"end":{"line":124,"column":22}},"124":{"start":{"line":125,"column":0},"end":{"line":125,"column":40}},"125":{"start":{"line":126,"column":0},"end":{"line":126,"column":14}},"126":{"start":{"line":127,"column":0},"end":{"line":127,"column":11}},"127":{"start":{"line":128,"column":0},"end":{"line":128,"column":0}},"128":{"start":{"line":129,"column":0},"end":{"line":129,"column":57}},"129":{"start":{"line":130,"column":0},"end":{"line":130,"column":21}},"130":{"start":{"line":131,"column":0},"end":{"line":131,"column":25}},"131":{"start":{"line":132,"column":0},"end":{"line":132,"column":27}},"132":{"start":{"line":133,"column":0},"end":{"line":133,"column":39}},"133":{"start":{"line":134,"column":0},"end":{"line":134,"column":31}},"134":{"start":{"line":135,"column":0},"end":{"line":135,"column":47}},"135":{"start":{"line":136,"column":0},"end":{"line":136,"column":31}},"136":{"start":{"line":137,"column":0},"end":{"line":137,"column":29}},"137":{"start":{"line":138,"column":0},"end":{"line":138,"column":12}},"138":{"start":{"line":139,"column":0},"end":{"line":139,"column":5}},"139":{"start":{"line":140,"column":0},"end":{"line":140,"column":1}}},"s":{"0":1,"1":1,"2":1,"3":1,"4":1,"5":1,"6":1,"7":1,"8":9,"9":9,"10":1,"11":1,"12":1,"13":1,"14":1,"15":1,"16":1,"17":1,"18":1,"19":1,"20":1,"21":1,"22":1,"23":1,"24":1,"25":1,"26":1,"27":1,"28":2,"29":2,"30":2,"31":2,"32":2,"33":1,"34":1,"35":1,"36":1,"37":1,"38":1,"39":1,"40":1,"41":1,"42":1,"43":1,"44":1,"45":1,"46":1,"47":1,"48":1,"49":1,"50":1,"51":1,"52":2,"53":2,"54":2,"55":2,"56":2,"57":2,"58":2,"59":2,"60":1,"61":1,"62":1,"63":1,"64":1,"65":1,"66":1,"67":1,"68":1,"69":1,"70":1,"71":1,"72":1,"73":1,"74":1,"75":1,"76":1,"77":1,"78":1,"79":1,"80":1,"81":1,"82":1,"83":1,"84":1,"85":1,"86":1,"87":1,"88":1,"89":1,"90":1,"91":1,"92":1,"93":1,"94":1,"95":2,"96":2,"97":2,"98":1,"99":1,"100":1,"101":1,"102":1,"103":1,"104":1,"105":1,"106":1,"107":1,"108":1,"109":1,"110":1,"111":1,"112":1,"113":1,"114":1,"115":1,"116":1,"117":1,"118":1,"119":1,"120":1,"121":1,"122":1,"123":1,"124":1,"125":1,"126":1,"127":1,"128":1,"129":2,"130":2,"131":2,"132":2,"133":2,"134":2,"135":2,"136":2,"137":1,"138":1,"139":1},"branchMap":{"0":{"type":"branch","line":8,"loc":{"start":{"line":8,"column":4},"end":{"line":10,"column":5}},"locations":[{"start":{"line":8,"column":4},"end":{"line":10,"column":5}}]},"1":{"type":"branch","line":12,"loc":{"start":{"line":12,"column":10},"end":{"line":26,"column":5}},"locations":[{"start":{"line":12,"column":10},"end":{"line":26,"column":5}}]},"2":{"type":"branch","line":28,"loc":{"start":{"line":28,"column":10},"end":{"line":47,"column":5}},"locations":[{"start":{"line":28,"column":10},"end":{"line":47,"column":5}}]},"3":{"type":"branch","line":33,"loc":{"start":{"line":33,"column":22},"end":{"line":47,"column":5}},"locations":[{"start":{"line":33,"column":22},"end":{"line":47,"column":5}}]},"4":{"type":"branch","line":49,"loc":{"start":{"line":49,"column":10},"end":{"line":62,"column":5}},"locations":[{"start":{"line":49,"column":10},"end":{"line":62,"column":5}}]},"5":{"type":"branch","line":52,"loc":{"start":{"line":52,"column":32},"end":{"line":61,"column":10}},"locations":[{"start":{"line":52,"column":32},"end":{"line":61,"column":10}}]},"6":{"type":"branch","line":64,"loc":{"start":{"line":64,"column":10},"end":{"line":87,"column":5}},"locations":[{"start":{"line":64,"column":10},"end":{"line":87,"column":5}}]},"7":{"type":"branch","line":89,"loc":{"start":{"line":89,"column":10},"end":{"line":93,"column":5}},"locations":[{"start":{"line":89,"column":10},"end":{"line":93,"column":5}}]},"8":{"type":"branch","line":95,"loc":{"start":{"line":95,"column":10},"end":{"line":120,"column":5}},"locations":[{"start":{"line":95,"column":10},"end":{"line":120,"column":5}}]},"9":{"type":"branch","line":98,"loc":{"start":{"line":98,"column":23},"end":{"line":120,"column":5}},"locations":[{"start":{"line":98,"column":23},"end":{"line":120,"column":5}}]},"10":{"type":"branch","line":122,"loc":{"start":{"line":122,"column":10},"end":{"line":139,"column":5}},"locations":[{"start":{"line":122,"column":10},"end":{"line":139,"column":5}}]},"11":{"type":"branch","line":129,"loc":{"start":{"line":129,"column":32},"end":{"line":138,"column":10}},"locations":[{"start":{"line":129,"column":32},"end":{"line":138,"column":10}}]}},"b":{"0":[9],"1":[1],"2":[2],"3":[1],"4":[1],"5":[2],"6":[1],"7":[1],"8":[2],"9":[1],"10":[1],"11":[2]},"fnMap":{"0":{"name":"CustomerRepository","decl":{"start":{"line":8,"column":4},"end":{"line":10,"column":5}},"loc":{"start":{"line":8,"column":4},"end":{"line":10,"column":5}},"line":8},"1":{"name":"save","decl":{"start":{"line":12,"column":10},"end":{"line":26,"column":5}},"loc":{"start":{"line":12,"column":10},"end":{"line":26,"column":5}},"line":12},"2":{"name":"findById","decl":{"start":{"line":28,"column":10},"end":{"line":47,"column":5}},"loc":{"start":{"line":28,"column":10},"end":{"line":47,"column":5}},"line":28},"3":{"name":"findAll","decl":{"start":{"line":49,"column":10},"end":{"line":62,"column":5}},"loc":{"start":{"line":49,"column":10},"end":{"line":62,"column":5}},"line":49},"4":{"name":"update","decl":{"start":{"line":64,"column":10},"end":{"line":87,"column":5}},"loc":{"start":{"line":64,"column":10},"end":{"line":87,"column":5}},"line":64},"5":{"name":"delete","decl":{"start":{"line":89,"column":10},"end":{"line":93,"column":5}},"loc":{"start":{"line":89,"column":10},"end":{"line":93,"column":5}},"line":89},"6":{"name":"addCredit","decl":{"start":{"line":95,"column":10},"end":{"line":120,"column":5}},"loc":{"start":{"line":95,"column":10},"end":{"line":120,"column":5}},"line":95},"7":{"name":"findAllOrderedByCredit","decl":{"start":{"line":122,"column":10},"end":{"line":139,"column":5}},"loc":{"start":{"line":122,"column":10},"end":{"line":139,"column":5}},"line":122}},"f":{"0":9,"1":1,"2":2,"3":1,"4":1,"5":1,"6":2,"7":1}}
}
