TN:
SF:dist\contexts\customer\application\commands\AddCreditCommand.js
FN:1,Object.<anonymous>
FN:5,AddCreditCommand
FN:9,validate
FNF:3
FNH:2
FNDA:1,Object.<anonymous>
FNDA:4,AddCreditCommand
FNDA:0,validate
DA:1,1
DA:2,1
DA:3,1
DA:4,1
DA:5,1
DA:6,4
DA:7,4
DA:8,4
DA:9,1
DA:10,0
DA:11,0
DA:12,0
DA:13,0
DA:14,0
DA:15,0
DA:16,0
DA:17,1
DA:18,1
LF:18
LH:11
BRDA:1,0,0,1
BRDA:1,1,0,1
BRDA:5,2,0,4
BRF:3
BRH:3
end_of_record
TN:
SF:dist\contexts\customer\application\commands\CreateCustomerCommand.js
FN:1,Object.<anonymous>
FN:5,CreateCustomerCommand
FN:8,validate
FNF:3
FNH:2
FNDA:1,Object.<anonymous>
FNDA:6,CreateCustomerCommand
FNDA:0,validate
DA:1,1
DA:2,1
DA:3,1
DA:4,1
DA:5,1
DA:6,6
DA:7,6
DA:8,1
DA:9,0
DA:10,0
DA:11,0
DA:12,0
DA:13,1
DA:14,1
LF:14
LH:10
BRDA:1,0,0,1
BRDA:1,1,0,1
BRDA:5,2,0,6
BRF:3
BRH:3
end_of_record
TN:
SF:dist\contexts\customer\application\commands\DeleteCustomerCommand.js
FN:1,Object.<anonymous>
FN:5,DeleteCustomerCommand
FN:8,validate
FNF:3
FNH:2
FNDA:1,Object.<anonymous>
FNDA:4,DeleteCustomerCommand
FNDA:0,validate
DA:1,1
DA:2,1
DA:3,1
DA:4,1
DA:5,1
DA:6,4
DA:7,4
DA:8,1
DA:9,0
DA:10,0
DA:11,0
DA:12,0
DA:13,1
DA:14,1
LF:14
LH:10
BRDA:1,0,0,1
BRDA:1,1,0,1
BRDA:5,2,0,4
BRF:3
BRH:3
end_of_record
TN:
SF:dist\contexts\customer\application\commands\UpdateCustomerCommand.js
FN:1,Object.<anonymous>
FN:5,UpdateCustomerCommand
FN:8,validate
FNF:3
FNH:2
FNDA:1,Object.<anonymous>
FNDA:6,UpdateCustomerCommand
FNDA:0,validate
DA:1,1
DA:2,1
DA:3,1
DA:4,1
DA:5,1
DA:6,6
DA:7,6
DA:8,1
DA:9,0
DA:10,0
DA:11,0
DA:12,0
DA:13,0
DA:14,0
DA:15,0
DA:16,1
DA:17,1
LF:17
LH:10
BRDA:1,0,0,1
BRDA:1,1,0,1
BRDA:5,2,0,6
BRF:3
BRH:3
end_of_record
TN:
SF:dist\contexts\customer\application\dtos\CustomerData.js
FN:1,Object.<anonymous>
FN:5,CustomerData
FNF:2
FNH:2
FNDA:1,Object.<anonymous>
FNDA:7,CustomerData
DA:1,1
DA:2,1
DA:3,1
DA:4,1
DA:5,1
DA:6,7
DA:7,7
DA:8,7
DA:9,7
DA:10,7
DA:11,7
DA:12,7
DA:13,7
DA:14,7
DA:15,1
DA:16,1
LF:16
LH:16
BRDA:1,0,0,1
BRDA:1,1,0,1
BRDA:5,2,0,7
BRF:3
BRH:3
end_of_record
TN:
SF:dist\contexts\customer\application\queries\ListCustomersByCreditQuery.js
FN:1,Object.<anonymous>
FN:5,ListCustomersByCreditQuery
FNF:2
FNH:2
FNDA:1,Object.<anonymous>
FNDA:4,ListCustomersByCreditQuery
DA:1,1
DA:2,1
DA:3,1
DA:4,1
DA:5,1
DA:6,1
DA:7,1
LF:7
LH:7
BRDA:1,0,0,1
BRDA:1,1,0,1
BRDA:5,2,0,4
BRF:3
BRH:3
end_of_record
TN:
SF:dist\contexts\customer\application\services\CustomerRegistryService.js
FN:1,Object.<anonymous>
FN:2,Object.<anonymous>.__decorate
FN:8,Object.<anonymous>.__metadata
FN:11,Object.<anonymous>.__awaiter
FN:12,adopt
FN:14,fulfilled
FN:15,rejected
FN:16,step
FN:24,CustomerRegistryService
FN:33,createCustomer
FN:38,listCustomers
FN:43,listCustomersOrderedByCredit
FN:48,getCustomerById
FN:53,updateCustomer
FN:58,deleteCustomer
FN:63,addCredit
FNF:16
FNH:15
FNDA:1,Object.<anonymous>
FNDA:1,Object.<anonymous>.__decorate
FNDA:1,Object.<anonymous>.__metadata
FNDA:7,Object.<anonymous>.__awaiter
FNDA:7,adopt
FNDA:7,fulfilled
FNDA:0,rejected
FNDA:14,step
FNDA:7,CustomerRegistryService
FNDA:1,createCustomer
FNDA:1,listCustomers
FNDA:1,listCustomersOrderedByCredit
FNDA:1,getCustomerById
FNDA:1,updateCustomer
FNDA:1,deleteCustomer
FNDA:1,addCredit
DA:1,1
DA:2,1
DA:3,1
DA:4,1
DA:5,1
DA:6,1
DA:7,1
DA:8,1
DA:9,1
DA:10,1
DA:11,1
DA:12,7
DA:13,7
DA:14,7
DA:15,7
DA:16,7
DA:17,7
DA:18,7
DA:19,1
DA:20,1
DA:21,1
DA:22,1
DA:23,1
DA:24,1
DA:25,7
DA:26,7
DA:27,7
DA:28,7
DA:29,7
DA:30,7
DA:31,7
DA:32,7
DA:33,1
DA:34,1
DA:35,1
DA:36,1
DA:37,1
DA:38,1
DA:39,1
DA:40,1
DA:41,1
DA:42,1
DA:43,1
DA:44,1
DA:45,1
DA:46,1
DA:47,1
DA:48,1
DA:49,1
DA:50,1
DA:51,1
DA:52,1
DA:53,1
DA:54,1
DA:55,1
DA:56,1
DA:57,1
DA:58,1
DA:59,1
DA:60,1
DA:61,1
DA:62,1
DA:63,1
DA:64,1
DA:65,1
DA:66,1
DA:67,1
DA:68,1
DA:69,1
DA:70,1
DA:71,1
DA:72,1
DA:73,1
LF:73
LH:73
BRDA:1,0,0,1
BRDA:1,1,0,1
BRDA:2,2,0,1
BRDA:3,3,0,0
BRDA:4,4,0,0
BRDA:5,5,0,2
BRDA:5,6,0,1
BRDA:5,7,0,0
BRDA:6,8,0,0
BRDA:6,9,0,0
BRDA:8,10,0,1
BRDA:9,11,0,0
BRDA:11,12,0,7
BRDA:12,13,0,7
BRDA:12,14,0,0
BRDA:13,15,0,7
BRDA:14,16,0,7
BRDA:14,17,0,0
BRDA:16,18,0,14
BRDA:16,19,0,7
BRDA:16,20,0,7
BRDA:24,21,0,7
BRDA:33,22,0,1
BRDA:34,23,0,1
BRDA:38,24,0,1
BRDA:39,25,0,1
BRDA:43,26,0,1
BRDA:44,27,0,1
BRDA:48,28,0,1
BRDA:49,29,0,1
BRDA:53,30,0,1
BRDA:54,31,0,1
BRDA:58,32,0,1
BRDA:59,33,0,1
BRDA:63,34,0,1
BRDA:64,35,0,1
BRF:36
BRH:28
end_of_record
TN:
SF:dist\contexts\customer\application\usecases\CustomerCreationUseCase.js
FN:1,Object.<anonymous>
FN:2,Object.<anonymous>.__decorate
FN:8,Object.<anonymous>.__metadata
FN:11,Object.<anonymous>.__awaiter
FN:12,adopt
FN:14,fulfilled
FN:15,rejected
FN:16,step
FN:26,CustomerCreationUseCase
FN:29,createCustomer
FNF:10
FNH:9
FNDA:1,Object.<anonymous>
FNDA:1,Object.<anonymous>.__decorate
FNDA:1,Object.<anonymous>.__metadata
FNDA:3,Object.<anonymous>.__awaiter
FNDA:3,adopt
FNDA:3,fulfilled
FNDA:0,rejected
FNDA:4,step
FNDA:3,CustomerCreationUseCase
FNDA:3,createCustomer
DA:1,1
DA:2,1
DA:3,1
DA:4,1
DA:5,1
DA:6,1
DA:7,1
DA:8,1
DA:9,1
DA:10,1
DA:11,1
DA:12,3
DA:13,3
DA:14,3
DA:15,3
DA:16,3
DA:17,3
DA:18,3
DA:19,1
DA:20,1
DA:21,1
DA:22,1
DA:23,1
DA:24,1
DA:25,1
DA:26,1
DA:27,3
DA:28,3
DA:29,1
DA:30,3
DA:31,3
DA:32,3
DA:33,3
DA:34,2
DA:35,2
DA:36,1
DA:37,3
DA:38,3
DA:39,1
DA:40,1
DA:41,1
DA:42,1
DA:43,1
DA:44,1
LF:44
LH:44
BRDA:1,0,0,1
BRDA:1,1,0,1
BRDA:2,2,0,1
BRDA:3,3,0,0
BRDA:4,4,0,0
BRDA:5,5,0,2
BRDA:5,6,0,1
BRDA:5,7,0,0
BRDA:6,8,0,0
BRDA:6,9,0,0
BRDA:8,10,0,1
BRDA:9,11,0,0
BRDA:11,12,0,3
BRDA:12,13,0,3
BRDA:12,14,0,0
BRDA:13,15,0,3
BRDA:14,16,0,3
BRDA:14,17,0,2
BRDA:16,18,0,4
BRDA:16,19,0,1
BRDA:16,20,0,3
BRDA:26,21,0,3
BRDA:29,22,0,3
BRDA:30,23,0,3
BRDA:33,24,0,2
BRDA:33,25,0,2
BRDA:36,26,0,1
BRF:27
BRH:20
end_of_record
TN:
SF:dist\contexts\customer\application\usecases\CustomerCreditUseCase.js
FN:1,Object.<anonymous>
FN:2,Object.<anonymous>.__decorate
FN:8,Object.<anonymous>.__metadata
FN:11,Object.<anonymous>.__awaiter
FN:12,adopt
FN:14,fulfilled
FN:15,rejected
FN:16,step
FN:26,CustomerCreditUseCase
FN:29,addCredit
FNF:10
FNH:9
FNDA:1,Object.<anonymous>
FNDA:1,Object.<anonymous>.__decorate
FNDA:1,Object.<anonymous>.__metadata
FNDA:3,Object.<anonymous>.__awaiter
FNDA:2,adopt
FNDA:2,fulfilled
FNDA:0,rejected
FNDA:3,step
FNDA:3,CustomerCreditUseCase
FNDA:3,addCredit
DA:1,1
DA:2,1
DA:3,1
DA:4,1
DA:5,1
DA:6,1
DA:7,1
DA:8,1
DA:9,1
DA:10,1
DA:11,1
DA:12,3
DA:13,3
DA:14,3
DA:15,3
DA:16,3
DA:17,3
DA:18,3
DA:19,1
DA:20,1
DA:21,1
DA:22,1
DA:23,1
DA:24,1
DA:25,1
DA:26,1
DA:27,3
DA:28,3
DA:29,1
DA:30,3
DA:31,3
DA:32,1
DA:33,1
DA:34,2
DA:35,2
DA:36,3
DA:37,1
DA:38,1
DA:39,1
DA:40,3
DA:41,3
DA:42,1
DA:43,1
DA:44,1
DA:45,1
DA:46,1
DA:47,1
LF:47
LH:47
BRDA:1,0,0,1
BRDA:1,1,0,1
BRDA:2,2,0,1
BRDA:3,3,0,0
BRDA:4,4,0,0
BRDA:5,5,0,2
BRDA:5,6,0,1
BRDA:5,7,0,0
BRDA:6,8,0,0
BRDA:6,9,0,0
BRDA:8,10,0,1
BRDA:9,11,0,0
BRDA:11,12,0,3
BRDA:12,13,0,2
BRDA:12,14,0,0
BRDA:13,15,0,3
BRDA:14,16,0,2
BRDA:14,17,0,1
BRDA:16,18,0,3
BRDA:16,19,0,1
BRDA:16,20,0,2
BRDA:26,21,0,3
BRDA:29,22,0,3
BRDA:30,23,0,3
BRDA:31,24,0,1
BRDA:34,25,0,2
BRDA:36,26,0,1
BRDA:36,27,0,1
BRDA:37,28,0,0
BRF:29
BRH:21
end_of_record
TN:
SF:dist\contexts\customer\application\usecases\CustomerDeleteUseCase.js
FN:1,Object.<anonymous>
FN:2,Object.<anonymous>.__decorate
FN:8,Object.<anonymous>.__metadata
FN:11,Object.<anonymous>.__awaiter
FN:12,adopt
FN:14,fulfilled
FN:15,rejected
FN:16,step
FN:26,CustomerDeleteUseCase
FN:29,deleteCustomer
FNF:10
FNH:9
FNDA:1,Object.<anonymous>
FNDA:1,Object.<anonymous>.__decorate
FNDA:1,Object.<anonymous>.__metadata
FNDA:2,Object.<anonymous>.__awaiter
FNDA:2,adopt
FNDA:2,fulfilled
FNDA:0,rejected
FNDA:3,step
FNDA:2,CustomerDeleteUseCase
FNDA:2,deleteCustomer
DA:1,1
DA:2,1
DA:3,1
DA:4,1
DA:5,1
DA:6,1
DA:7,1
DA:8,1
DA:9,1
DA:10,1
DA:11,1
DA:12,2
DA:13,2
DA:14,2
DA:15,2
DA:16,2
DA:17,2
DA:18,2
DA:19,1
DA:20,1
DA:21,1
DA:22,1
DA:23,1
DA:24,1
DA:25,1
DA:26,1
DA:27,2
DA:28,2
DA:29,1
DA:30,2
DA:31,2
DA:32,2
DA:33,2
DA:34,1
DA:35,1
DA:36,2
DA:37,2
DA:38,1
DA:39,1
DA:40,1
DA:41,1
DA:42,1
DA:43,1
LF:43
LH:43
BRDA:1,0,0,1
BRDA:1,1,0,1
BRDA:2,2,0,1
BRDA:3,3,0,0
BRDA:4,4,0,0
BRDA:5,5,0,2
BRDA:5,6,0,1
BRDA:5,7,0,0
BRDA:6,8,0,0
BRDA:6,9,0,0
BRDA:8,10,0,1
BRDA:9,11,0,0
BRDA:11,12,0,2
BRDA:12,13,0,2
BRDA:12,14,0,0
BRDA:13,15,0,2
BRDA:14,16,0,2
BRDA:14,17,0,1
BRDA:16,18,0,3
BRDA:16,19,0,1
BRDA:16,20,0,2
BRDA:26,21,0,2
BRDA:29,22,0,2
BRDA:30,23,0,2
BRDA:33,24,0,1
BRDA:33,25,0,1
BRDA:34,26,0,0
BRF:27
BRH:19
end_of_record
TN:
SF:dist\contexts\customer\application\usecases\CustomerUpdateUseCase.js
FN:1,Object.<anonymous>
FN:2,Object.<anonymous>.__decorate
FN:8,Object.<anonymous>.__metadata
FN:11,Object.<anonymous>.__awaiter
FN:12,adopt
FN:14,fulfilled
FN:15,rejected
FN:16,step
FN:26,CustomerUpdateUseCase
FN:29,updateCustomer
FNF:10
FNH:9
FNDA:1,Object.<anonymous>
FNDA:1,Object.<anonymous>.__decorate
FNDA:1,Object.<anonymous>.__metadata
FNDA:3,Object.<anonymous>.__awaiter
FNDA:3,adopt
FNDA:3,fulfilled
FNDA:0,rejected
FNDA:4,step
FNDA:3,CustomerUpdateUseCase
FNDA:3,updateCustomer
DA:1,1
DA:2,1
DA:3,1
DA:4,1
DA:5,1
DA:6,1
DA:7,1
DA:8,1
DA:9,1
DA:10,1
DA:11,1
DA:12,3
DA:13,3
DA:14,3
DA:15,3
DA:16,3
DA:17,3
DA:18,3
DA:19,1
DA:20,1
DA:21,1
DA:22,1
DA:23,1
DA:24,1
DA:25,1
DA:26,1
DA:27,3
DA:28,3
DA:29,1
DA:30,3
DA:31,3
DA:32,3
DA:33,3
DA:34,2
DA:35,2
DA:36,1
DA:37,3
DA:38,3
DA:39,1
DA:40,1
DA:41,1
DA:42,1
DA:43,1
DA:44,1
LF:44
LH:44
BRDA:1,0,0,1
BRDA:1,1,0,1
BRDA:2,2,0,1
BRDA:3,3,0,0
BRDA:4,4,0,0
BRDA:5,5,0,2
BRDA:5,6,0,1
BRDA:5,7,0,0
BRDA:6,8,0,0
BRDA:6,9,0,0
BRDA:8,10,0,1
BRDA:9,11,0,0
BRDA:11,12,0,3
BRDA:12,13,0,3
BRDA:12,14,0,0
BRDA:13,15,0,3
BRDA:14,16,0,3
BRDA:14,17,0,2
BRDA:16,18,0,4
BRDA:16,19,0,1
BRDA:16,20,0,3
BRDA:26,21,0,3
BRDA:29,22,0,3
BRDA:30,23,0,3
BRDA:33,24,0,2
BRDA:33,25,0,2
BRDA:36,26,0,1
BRF:27
BRH:20
end_of_record
TN:
SF:dist\contexts\customer\application\usecases\ListCustomersByCreditUseCase.js
FN:1,Object.<anonymous>
FN:2,Object.<anonymous>.__decorate
FN:8,Object.<anonymous>.__metadata
FN:11,Object.<anonymous>.__awaiter
FN:12,adopt
FN:14,fulfilled
FN:15,rejected
FN:16,step
FN:25,ListCustomersByCreditUseCase
FN:28,execute
FNF:10
FNH:10
FNDA:1,Object.<anonymous>
FNDA:1,Object.<anonymous>.__decorate
FNDA:1,Object.<anonymous>.__metadata
FNDA:2,Object.<anonymous>.__awaiter
FNDA:2,adopt
FNDA:1,fulfilled
FNDA:1,rejected
FNDA:3,step
FNDA:2,ListCustomersByCreditUseCase
FNDA:2,execute
DA:1,1
DA:2,1
DA:3,1
DA:4,1
DA:5,1
DA:6,1
DA:7,1
DA:8,1
DA:9,1
DA:10,1
DA:11,1
DA:12,2
DA:13,2
DA:14,2
DA:15,2
DA:16,2
DA:17,2
DA:18,2
DA:19,1
DA:20,1
DA:21,1
DA:22,1
DA:23,1
DA:24,1
DA:25,1
DA:26,2
DA:27,2
DA:28,1
DA:29,2
DA:30,2
DA:31,2
DA:32,2
DA:33,2
DA:34,1
DA:35,1
DA:36,1
DA:37,1
DA:38,1
DA:39,1
LF:39
LH:39
BRDA:1,0,0,1
BRDA:1,1,0,1
BRDA:2,2,0,1
BRDA:3,3,0,0
BRDA:4,4,0,0
BRDA:5,5,0,2
BRDA:5,6,0,1
BRDA:5,7,0,0
BRDA:6,8,0,0
BRDA:6,9,0,0
BRDA:8,10,0,1
BRDA:9,11,0,0
BRDA:11,12,0,2
BRDA:12,13,0,2
BRDA:12,14,0,0
BRDA:13,15,0,2
BRDA:14,16,0,1
BRDA:14,17,0,0
BRDA:15,18,0,1
BRDA:16,19,0,3
BRDA:16,20,0,1
BRDA:16,21,0,2
BRDA:25,22,0,2
BRDA:28,23,0,2
BRDA:29,24,0,2
BRF:25
BRH:17
end_of_record
TN:
SF:dist\contexts\customer\infraestructure\repositories\CustomerRepository.js
FN:1,Object.<anonymous>
FN:2,Object.<anonymous>.__awaiter
FN:3,adopt
FN:5,fulfilled
FN:6,rejected
FN:7,step
FN:15,CustomerRepository
FN:18,save
FN:34,findById
FN:54,findAll
FN:69,update
FN:94,delete
FN:101,addCredit
FN:126,findAllOrderedByCredit
FNF:14
FNH:13
FNDA:1,Object.<anonymous>
FNDA:9,Object.<anonymous>.__awaiter
FNDA:10,adopt
FNDA:10,fulfilled
FNDA:0,rejected
FNDA:18,step
FNDA:9,CustomerRepository
FNDA:1,save
FNDA:2,findById
FNDA:1,findAll
FNDA:1,update
FNDA:1,delete
FNDA:2,addCredit
FNDA:1,findAllOrderedByCredit
DA:1,1
DA:2,1
DA:3,9
DA:4,9
DA:5,9
DA:6,9
DA:7,9
DA:8,9
DA:9,9
DA:10,1
DA:11,1
DA:12,1
DA:13,1
DA:14,1
DA:15,1
DA:16,9
DA:17,9
DA:18,1
DA:19,1
DA:20,1
DA:21,1
DA:22,1
DA:23,1
DA:24,1
DA:25,1
DA:26,1
DA:27,1
DA:28,1
DA:29,1
DA:30,1
DA:31,1
DA:32,1
DA:33,1
DA:34,1
DA:35,2
DA:36,2
DA:37,2
DA:38,2
DA:39,2
DA:40,1
DA:41,1
DA:42,1
DA:43,1
DA:44,1
DA:45,1
DA:46,1
DA:47,1
DA:48,1
DA:49,1
DA:50,1
DA:51,1
DA:52,2
DA:53,2
DA:54,1
DA:55,1
DA:56,1
DA:57,1
DA:58,2
DA:59,2
DA:60,2
DA:61,2
DA:62,2
DA:63,2
DA:64,2
DA:65,2
DA:66,1
DA:67,1
DA:68,1
DA:69,1
DA:70,1
DA:71,1
DA:72,1
DA:73,1
DA:74,1
DA:75,1
DA:76,1
DA:77,1
DA:78,1
DA:79,1
DA:80,1
DA:81,1
DA:82,1
DA:83,1
DA:84,1
DA:85,1
DA:86,1
DA:87,1
DA:88,1
DA:89,1
DA:90,1
DA:91,1
DA:92,1
DA:93,1
DA:94,1
DA:95,1
DA:96,1
DA:97,1
DA:98,1
DA:99,1
DA:100,1
DA:101,1
DA:102,2
DA:103,2
DA:104,2
DA:105,1
DA:106,1
DA:107,1
DA:108,1
DA:109,1
DA:110,1
DA:111,1
DA:112,1
DA:113,1
DA:114,1
DA:115,1
DA:116,1
DA:117,1
DA:118,1
DA:119,1
DA:120,1
DA:121,1
DA:122,1
DA:123,1
DA:124,2
DA:125,2
DA:126,1
DA:127,1
DA:128,1
DA:129,1
DA:130,1
DA:131,1
DA:132,1
DA:133,1
DA:134,2
DA:135,2
DA:136,2
DA:137,2
DA:138,2
DA:139,2
DA:140,2
DA:141,2
DA:142,1
DA:143,1
DA:144,1
DA:145,1
DA:146,1
LF:146
LH:146
BRDA:1,0,0,1
BRDA:1,1,0,1
BRDA:2,2,0,9
BRDA:3,3,0,10
BRDA:3,4,0,0
BRDA:4,5,0,9
BRDA:5,6,0,10
BRDA:5,7,0,1
BRDA:7,8,0,18
BRDA:7,9,0,8
BRDA:7,10,0,10
BRDA:15,11,0,9
BRDA:18,12,0,1
BRDA:19,13,0,1
BRDA:34,14,0,2
BRDA:35,15,0,2
BRDA:39,16,0,1
BRDA:54,17,0,1
BRDA:55,18,0,1
BRDA:57,19,0,2
BRDA:69,20,0,1
BRDA:70,21,0,1
BRDA:94,22,0,1
BRDA:95,23,0,1
BRDA:101,24,0,2
BRDA:102,25,0,2
BRDA:104,26,0,1
BRDA:126,27,0,1
BRDA:127,28,0,1
BRDA:133,29,0,2
BRF:30
BRH:29
end_of_record
TN:
SF:src\contexts\customer\application\commands\AddCreditCommand.ts
FN:4,AddCreditCommand
FN:6,validate
FNF:2
FNH:1
FNDA:4,AddCreditCommand
FNDA:0,validate
DA:1,1
DA:2,1
DA:3,1
DA:4,1
DA:5,1
DA:6,1
DA:7,0
DA:8,0
DA:9,0
DA:10,0
DA:11,0
DA:12,0
DA:13,0
DA:14,1
LF:14
LH:7
BRDA:4,0,0,4
BRF:1
BRH:1
end_of_record
TN:
SF:src\contexts\customer\application\commands\CreateCustomerCommand.ts
FN:5,CreateCustomerCommand
FN:7,validate
FNF:2
FNH:1
FNDA:6,CreateCustomerCommand
FNDA:0,validate
DA:1,1
DA:2,1
DA:3,1
DA:4,1
DA:5,1
DA:6,1
DA:7,1
DA:8,0
DA:9,0
DA:10,0
DA:11,0
DA:12,1
LF:12
LH:8
BRDA:5,0,0,6
BRF:1
BRH:1
end_of_record
TN:
SF:src\contexts\customer\application\commands\DeleteCustomerCommand.ts
FN:4,DeleteCustomerCommand
FN:6,validate
FNF:2
FNH:1
FNDA:4,DeleteCustomerCommand
FNDA:0,validate
DA:1,1
DA:2,1
DA:3,1
DA:4,1
DA:5,1
DA:6,1
DA:7,0
DA:8,0
DA:9,0
DA:10,0
DA:11,1
LF:11
LH:7
BRDA:4,0,0,4
BRF:1
BRH:1
end_of_record
TN:
SF:src\contexts\customer\application\commands\UpdateCustomerCommand.ts
FN:5,UpdateCustomerCommand
FN:7,validate
FNF:2
FNH:1
FNDA:6,UpdateCustomerCommand
FNDA:0,validate
DA:1,1
DA:2,1
DA:3,1
DA:4,1
DA:5,1
DA:6,1
DA:7,1
DA:8,0
DA:9,0
DA:10,0
DA:11,0
DA:12,0
DA:13,0
DA:14,0
DA:15,1
LF:15
LH:8
BRDA:5,0,0,6
BRF:1
BRH:1
end_of_record
TN:
SF:src\contexts\customer\application\dtos\CustomerData.ts
FN:11,CustomerData
FNF:1
FNH:1
FNDA:7,CustomerData
DA:1,1
DA:2,1
DA:3,1
DA:4,1
DA:5,1
DA:6,1
DA:7,1
DA:8,1
DA:9,1
DA:10,1
DA:11,1
DA:12,7
DA:13,7
DA:14,7
DA:15,7
DA:16,7
DA:17,7
DA:18,7
DA:19,7
DA:20,7
DA:21,7
DA:22,7
DA:23,7
DA:24,7
DA:25,7
DA:26,7
DA:27,7
DA:28,7
DA:29,7
DA:30,1
LF:30
LH:30
BRDA:11,0,0,7
BRF:1
BRH:1
end_of_record
TN:
SF:src\contexts\customer\application\queries\ListCustomersByCreditQuery.ts
FN:2,ListCustomersByCreditQuery
FNF:1
FNH:1
FNDA:4,ListCustomersByCreditQuery
DA:1,1
DA:2,1
DA:3,1
LF:3
LH:3
BRDA:2,0,0,4
BRF:1
BRH:1
end_of_record
TN:
SF:src\contexts\customer\application\services\CustomerRegistryService.ts
FN:15,CustomerRegistryService
FN:25,createCustomer
FN:29,listCustomers
FN:33,listCustomersOrderedByCredit
FN:37,getCustomerById
FN:41,updateCustomer
FN:45,deleteCustomer
FN:49,addCredit
FNF:8
FNH:8
FNDA:7,CustomerRegistryService
FNDA:1,createCustomer
FNDA:1,listCustomers
FNDA:1,listCustomersOrderedByCredit
FNDA:1,getCustomerById
FNDA:1,updateCustomer
FNDA:1,deleteCustomer
FNDA:1,addCredit
DA:1,1
DA:2,1
DA:3,1
DA:4,1
DA:5,1
DA:6,1
DA:7,1
DA:8,1
DA:9,1
DA:10,1
DA:11,1
DA:12,1
DA:13,1
DA:14,1
DA:15,1
DA:16,7
DA:17,7
DA:18,7
DA:19,7
DA:20,7
DA:21,7
DA:22,7
DA:23,7
DA:24,1
DA:25,1
DA:26,1
DA:27,1
DA:28,1
DA:29,1
DA:30,1
DA:31,1
DA:32,1
DA:33,1
DA:34,1
DA:35,1
DA:36,1
DA:37,1
DA:38,1
DA:39,1
DA:40,1
DA:41,1
DA:42,1
DA:43,1
DA:44,1
DA:45,1
DA:46,1
DA:47,1
DA:48,1
DA:49,1
DA:50,1
DA:51,1
DA:52,1
LF:52
LH:52
BRDA:15,0,0,7
BRDA:25,1,0,1
BRDA:29,2,0,1
BRDA:33,3,0,1
BRDA:37,4,0,1
BRDA:41,5,0,1
BRDA:45,6,0,1
BRDA:49,7,0,1
BRF:8
BRH:8
end_of_record
TN:
SF:src\contexts\customer\application\usecases\CustomerCreationUseCase.ts
FN:15,CustomerCreationUseCase
FN:19,createCustomer
FNF:2
FNH:2
FNDA:3,CustomerCreationUseCase
FNDA:3,createCustomer
DA:1,1
DA:2,1
DA:3,1
DA:4,1
DA:5,1
DA:6,1
DA:7,1
DA:8,1
DA:9,1
DA:10,1
DA:11,1
DA:12,1
DA:13,1
DA:14,1
DA:15,1
DA:16,3
DA:17,3
DA:18,1
DA:19,1
DA:20,3
DA:21,3
DA:22,3
DA:23,3
DA:24,2
DA:25,2
DA:26,1
DA:27,1
DA:28,1
LF:28
LH:28
BRDA:15,0,0,3
BRDA:19,1,0,3
BRDA:23,2,0,2
BRDA:23,3,0,2
BRDA:26,4,0,1
BRF:5
BRH:5
end_of_record
TN:
SF:src\contexts\customer\application\usecases\CustomerCreditUseCase.ts
FN:12,CustomerCreditUseCase
FN:16,addCredit
FNF:2
FNH:2
FNDA:3,CustomerCreditUseCase
FNDA:3,addCredit
DA:1,1
DA:2,1
DA:3,1
DA:4,1
DA:5,1
DA:6,1
DA:7,1
DA:8,1
DA:9,1
DA:10,1
DA:11,1
DA:12,1
DA:13,3
DA:14,3
DA:15,1
DA:16,1
DA:17,3
DA:18,3
DA:19,1
DA:20,1
DA:21,2
DA:22,2
DA:23,2
DA:24,2
DA:25,3
DA:26,1
DA:27,1
DA:28,1
DA:29,1
DA:30,1
LF:30
LH:30
BRDA:12,0,0,3
BRDA:16,1,0,3
BRDA:18,2,0,1
BRDA:21,3,0,2
BRDA:25,4,0,1
BRDA:25,5,0,1
BRDA:26,6,0,0
BRF:7
BRH:6
end_of_record
TN:
SF:src\contexts\customer\application\usecases\CustomerDeleteUseCase.ts
FN:12,CustomerDeleteUseCase
FN:16,deleteCustomer
FNF:2
FNH:2
FNDA:2,CustomerDeleteUseCase
FNDA:2,deleteCustomer
DA:1,1
DA:2,1
DA:3,1
DA:4,1
DA:5,1
DA:6,1
DA:7,1
DA:8,1
DA:9,1
DA:10,1
DA:11,1
DA:12,1
DA:13,2
DA:14,2
DA:15,1
DA:16,1
DA:17,2
DA:18,2
DA:19,2
DA:20,2
DA:21,1
DA:22,1
DA:23,2
DA:24,1
LF:24
LH:24
BRDA:12,0,0,2
BRDA:16,1,0,2
BRDA:20,2,0,1
BRDA:20,3,0,1
BRDA:21,4,0,0
BRF:5
BRH:4
end_of_record
TN:
SF:src\contexts\customer\application\usecases\CustomerUpdateUseCase.ts
FN:13,CustomerUpdateUseCase
FN:17,updateCustomer
FNF:2
FNH:2
FNDA:3,CustomerUpdateUseCase
FNDA:3,updateCustomer
DA:1,1
DA:2,1
DA:3,1
DA:4,1
DA:5,1
DA:6,1
DA:7,1
DA:8,1
DA:9,1
DA:10,1
DA:11,1
DA:12,1
DA:13,1
DA:14,3
DA:15,3
DA:16,1
DA:17,1
DA:18,3
DA:19,3
DA:20,3
DA:21,3
DA:22,2
DA:23,2
DA:24,1
DA:25,1
DA:26,1
LF:26
LH:26
BRDA:13,0,0,3
BRDA:17,1,0,3
BRDA:21,2,0,2
BRDA:21,3,0,2
BRDA:24,4,0,1
BRF:5
BRH:5
end_of_record
TN:
SF:src\contexts\customer\application\usecases\ListCustomersByCreditUseCase.ts
FN:10,ListCustomersByCreditUseCase
FN:14,execute
FNF:2
FNH:2
FNDA:2,ListCustomersByCreditUseCase
FNDA:2,execute
DA:1,1
DA:2,1
DA:3,1
DA:4,1
DA:5,1
DA:6,1
DA:7,1
DA:8,1
DA:9,1
DA:10,1
DA:11,2
DA:12,2
DA:13,1
DA:14,1
DA:15,2
DA:16,2
DA:17,2
DA:18,1
LF:18
LH:18
BRDA:10,0,0,2
BRDA:14,1,0,2
BRF:2
BRH:2
end_of_record
TN:
SF:src\contexts\customer\infraestructure\repositories\CustomerRepository.ts
FN:8,CustomerRepository
FN:12,save
FN:28,findById
FN:49,findAll
FN:64,update
FN:89,delete
FN:95,addCredit
FN:122,findAllOrderedByCredit
FNF:8
FNH:8
FNDA:9,CustomerRepository
FNDA:1,save
FNDA:2,findById
FNDA:1,findAll
FNDA:1,update
FNDA:1,delete
FNDA:2,addCredit
FNDA:1,findAllOrderedByCredit
DA:1,1
DA:2,1
DA:3,1
DA:4,1
DA:5,1
DA:6,1
DA:7,1
DA:8,1
DA:9,9
DA:10,9
DA:11,1
DA:12,1
DA:13,1
DA:14,1
DA:15,1
DA:16,1
DA:17,1
DA:18,1
DA:19,1
DA:20,1
DA:21,1
DA:22,1
DA:23,1
DA:24,1
DA:25,1
DA:26,1
DA:27,1
DA:28,1
DA:29,2
DA:30,2
DA:31,2
DA:32,2
DA:33,2
DA:34,1
DA:35,1
DA:36,1
DA:37,1
DA:38,1
DA:39,1
DA:40,1
DA:41,1
DA:42,1
DA:43,1
DA:44,1
DA:45,1
DA:46,1
DA:47,1
DA:48,1
DA:49,1
DA:50,1
DA:51,1
DA:52,1
DA:53,2
DA:54,2
DA:55,2
DA:56,2
DA:57,2
DA:58,2
DA:59,2
DA:60,2
DA:61,1
DA:62,1
DA:63,1
DA:64,1
DA:65,1
DA:66,1
DA:67,1
DA:68,1
DA:69,1
DA:70,1
DA:71,1
DA:72,1
DA:73,1
DA:74,1
DA:75,1
DA:76,1
DA:77,1
DA:78,1
DA:79,1
DA:80,1
DA:81,1
DA:82,1
DA:83,1
DA:84,1
DA:85,1
DA:86,1
DA:87,1
DA:88,1
DA:89,1
DA:90,1
DA:91,1
DA:92,1
DA:93,1
DA:94,1
DA:95,1
DA:96,2
DA:97,2
DA:98,2
DA:99,1
DA:100,1
DA:101,1
DA:102,1
DA:103,1
DA:104,1
DA:105,1
DA:106,1
DA:107,1
DA:108,1
DA:109,1
DA:110,1
DA:111,1
DA:112,1
DA:113,1
DA:114,1
DA:115,1
DA:116,1
DA:117,1
DA:118,1
DA:119,1
DA:120,1
DA:121,1
DA:122,1
DA:123,1
DA:124,1
DA:125,1
DA:126,1
DA:127,1
DA:128,1
DA:129,1
DA:130,2
DA:131,2
DA:132,2
DA:133,2
DA:134,2
DA:135,2
DA:136,2
DA:137,2
DA:138,1
DA:139,1
DA:140,1
LF:140
LH:140
BRDA:8,0,0,9
BRDA:12,1,0,1
BRDA:28,2,0,2
BRDA:33,3,0,1
BRDA:49,4,0,1
BRDA:52,5,0,2
BRDA:64,6,0,1
BRDA:89,7,0,1
BRDA:95,8,0,2
BRDA:98,9,0,1
BRDA:122,10,0,1
BRDA:129,11,0,2
BRF:12
BRH:12
end_of_record
